Log file open, 06/23/16 19:30:19
LogInit:Display: Running engine for game: InfiniteRunner
LogPlatformFile: Not using cached read wrapper
LogInit:Display: RandInit(755560105) SRandInit(755560126).
LogTaskGraph: Started task graph with 4 named threads and 7 total threads with 1 sets of task threads.
LogStats: Stats thread started at 0.115156
LogInit: Version: 4.12.3-3013449+++UE4+Release-4.12
LogInit: API Version: 2992821
LogInit: Net Version: 3013449
LogDevObjectVersion: Number of dev versions registered: 13
LogDevObjectVersion:   Dev-Blueprints (B0D832E4-1F89-4F0D-ACCF-7EB736FD4AA2): 3
LogDevObjectVersion:   Dev-Build (E1C64328-A22C-4D53-A36C-8E866417BD8C): 0
LogDevObjectVersion:   Dev-Core (375EC13C-06E4-48FB-B500-84F0262A717E): 1
LogDevObjectVersion:   Dev-Editor (E4B068ED-F494-42E9-A231-DA0B2E46BB41): 2
LogDevObjectVersion:   Dev-Framework (CFFC743F-43B0-4480-9391-14DF171D2073): 6
LogDevObjectVersion:   Dev-Mobile (B02B49B5-BB20-44E9-A304-32B752E40360): 0
LogDevObjectVersion:   Dev-Networking (A4E4105C-59A1-49B5-A7C5-40C4547EDFEE): 0
LogDevObjectVersion:   Dev-Online (39C831C9-5AE6-47DC-9A44-9C173E1C8E7C): 0
LogDevObjectVersion:   Dev-Physics (78F01B33-EBEA-4F98-B9B4-84EACCB95AA2): 0
LogDevObjectVersion:   Dev-Platform (6631380F-2D4D-43E0-8009-CF276956A95A): 0
LogDevObjectVersion:   Dev-Rendering (12F88B9F-8875-4AFC-A67C-D90C383ABD29): 2
LogDevObjectVersion:   Dev-Sequencer (7B5AE74C-D270-4C10-A958-57980B212A5A): 0
LogDevObjectVersion:   Dev-VR (D7296918-1DD6-4BDD-9DE2-64A83CC13884): 0
LogInit: Compiled (64-bit): Jun 14 2016 17:53:16
LogInit: Compiled with Visual C++: 19.00.23026.00
LogInit: Build Configuration: Development
LogInit: Branch Name: ++UE4+Release-4.12
LogInit: Command line: -EpicPortal 
LogInit: Base directory: C:/Program Files (x86)/Epic Games/4.12/Engine/Binaries/Win64/
LogInit: Installed Engine Build: 1
LogInit: Using libcurl 7.41.0
LogInit:  - built for x86_64-pc-win32
LogInit:  - supports SSL with WinSSL
LogInit:  - other features:
LogInit:      CURL_VERSION_SSL
LogInit:      CURL_VERSION_IPV6
LogInit:      CURL_VERSION_ASYNCHDNS
LogInit:      CURL_VERSION_LARGEFILE
LogInit:      CURL_VERSION_IDN
LogInit:  CurlRequestOptions (configurable via config and command line):
LogInit:  - bVerifyPeer = true  - Libcurl will verify peer certificate
LogInit:  - bUseHttpProxy = false  - Libcurl will NOT use HTTP proxy
LogInit:  - bDontReuseConnections = false  - Libcurl will reuse connections
LogInit:  - CertBundlePath = nullptr  - Libcurl will use whatever was configured at build time.
LogInit: Presizing for max 8388607 objects, including 0 objects not considered by GC, pre-allocating 0 bytes for permanent pool.
LogInit: Object subsystem initialized
[2016.06.23-23.30.19:676][  0]LogInit: Selected Device Profile: [Windows]
[2016.06.23-23.30.19:676][  0]LogInit: Applying CVar settings loaded from the selected device profile: [Windows]
[2016.06.23-23.30.19:697][  0]LogInit: Computer: DALTON-PC
[2016.06.23-23.30.19:697][  0]LogInit: User: Dalton
[2016.06.23-23.30.19:697][  0]LogInit: CPU Page size=65536, Cores=4
[2016.06.23-23.30.19:697][  0]LogInit: High frequency timer resolution =14.318180 MHz
[2016.06.23-23.30.19:697][  0]LogMemory: Memory total: Physical=23.9GB (24GB approx)
[2016.06.23-23.30.19:697][  0]LogMemory: Platform Memory Stats for Windows
[2016.06.23-23.30.19:697][  0]LogMemory: Process Physical Memory: 189.79 MB used, 189.79 MB peak
[2016.06.23-23.30.19:697][  0]LogMemory: Process Virtual Memory: 194.95 MB used, 194.95 MB peak
[2016.06.23-23.30.19:697][  0]LogMemory: Physical Memory: 3398.09 MB used, 24473.45 MB total
[2016.06.23-23.30.19:697][  0]LogMemory: Virtual Memory: 553.94 MB used, 134217728.00 MB total
[2016.06.23-23.30.19:894][  0]LogTextLocalizationManager: No specific translations for ('en-US') exist, so ('en') translations will be used.
[2016.06.23-23.30.20:390][  0]LogD3D11RHI: D3D11 adapters:
[2016.06.23-23.30.20:405][  0]LogD3D11RHI:    0. 'AMD Radeon (TM) R9 390 Series' (Feature Level 11_0)
[2016.06.23-23.30.20:405][  0]LogD3D11RHI:       8170/0/12236 MB DedicatedVideo/DedicatedSystem/SharedSystem, Outputs:1, VendorId:0x1002
[2016.06.23-23.30.20:407][  0]LogD3D11RHI:    1. 'Microsoft Basic Render Driver' (Feature Level 11_0)
[2016.06.23-23.30.20:407][  0]LogD3D11RHI:       0/0/12236 MB DedicatedVideo/DedicatedSystem/SharedSystem, Outputs:0, VendorId:0x1414
[2016.06.23-23.30.20:407][  0]LogD3D11RHI: Chosen D3D11 Adapter: 0
[2016.06.23-23.30.20:414][  0]LogD3D11RHI: Creating new Direct3DDevice
[2016.06.23-23.30.20:414][  0]LogD3D11RHI:     GPU DeviceId: 0x67b1 (for the marketing name, search the web for "GPU Device Id")
[2016.06.23-23.30.20:414][  0]LogWindows: EnumDisplayDevices:
[2016.06.23-23.30.20:415][  0]LogWindows:    0. 'AMD Radeon (TM) R9 390 Series' (P:1 D:1)
[2016.06.23-23.30.20:416][  0]LogWindows:    1. 'AMD Radeon (TM) R9 390 Series' (P:0 D:0)
[2016.06.23-23.30.20:416][  0]LogWindows:    2. 'AMD Radeon (TM) R9 390 Series' (P:0 D:0)
[2016.06.23-23.30.20:416][  0]LogWindows:    3. 'AMD Radeon (TM) R9 390 Series' (P:0 D:0)
[2016.06.23-23.30.20:417][  0]LogWindows:    4. 'AMD Radeon (TM) R9 390 Series' (P:0 D:0)
[2016.06.23-23.30.20:417][  0]LogWindows:    5. 'AMD Radeon (TM) R9 390 Series' (P:0 D:0)
[2016.06.23-23.30.20:417][  0]LogWindows: DebugString: FoundDriverCount:6 
[2016.06.23-23.30.20:417][  0]LogD3D11RHI:     Adapter Name: AMD Radeon (TM) R9 390 Series
[2016.06.23-23.30.20:417][  0]LogD3D11RHI:   Driver Version: Crimson 15.11 (internal:15.300.1025.1001, unified:15.300.1025.1001)
[2016.06.23-23.30.20:417][  0]LogD3D11RHI:      Driver Date: 11-29-2015
[2016.06.23-23.30.20:417][  0]LogRHI: Texture pool is 1361 MB (70% of 1945 MB)
[2016.06.23-23.30.20:426][  0]LogD3D11RHI: Async texture creation disabled: no driver support
[2016.06.23-23.30.20:439][  0]LogD3D11RHI: GPU Timing Frequency: 27.000000 (Debug: 2 1)
[2016.06.23-23.30.20:440][  0]LogShaderCompilers: Guid format shader working directory is -15 characters bigger than the processId version (../../../../../../Users/Dalton/Documents/GitHub/InfiniteRunner/Intermediate/Shaders/WorkingDirectory/2652/).
[2016.06.23-23.30.20:440][  0]LogShaderCompilers: Cleaned the shader compiler working directory 'C:/Users/Dalton/AppData/Local/Temp/UnrealShaderWorkingDir/9D12F20D49C4E7C132FBABAFE8254CB5/'.
[2016.06.23-23.30.20:440][  0]LogShaderCompilers:Display: Using Local Shader Compiler.
[2016.06.23-23.30.22:653][  0]LogTemp:Display: Loaded TP AllDesktopTargetPlatform
[2016.06.23-23.30.22:667][  0]LogTemp:Display: Loaded TP WindowsClientTargetPlatform
[2016.06.23-23.30.22:680][  0]LogTemp:Display: Loaded TP WindowsNoEditorTargetPlatform
[2016.06.23-23.30.22:694][  0]LogTemp:Display: Loaded TP WindowsServerTargetPlatform
[2016.06.23-23.30.22:707][  0]LogTemp:Display: Loaded TP WindowsTargetPlatform
[2016.06.23-23.30.22:720][  0]LogTemp:Display: Loaded TP AndroidTargetPlatform
[2016.06.23-23.30.22:731][  0]LogTemp:Display: Loaded TP Android_ASTCTargetPlatform
[2016.06.23-23.30.22:741][  0]LogTemp:Display: Loaded TP Android_ATCTargetPlatform
[2016.06.23-23.30.22:751][  0]LogTemp:Display: Loaded TP Android_DXTTargetPlatform
[2016.06.23-23.30.22:761][  0]LogTemp:Display: Loaded TP Android_ETC1TargetPlatform
[2016.06.23-23.30.22:772][  0]LogTemp:Display: Loaded TP Android_ETC2TargetPlatform
[2016.06.23-23.30.22:793][  0]LogTemp:Display: Loaded TP Android_MultiTargetPlatform
[2016.06.23-23.30.22:793][  0]LogTemp:Display: Loaded TP Android_PVRTCTargetPlatform
[2016.06.23-23.30.22:794][  0]LogTemp:Display: Loaded TP HTML5TargetPlatform
[2016.06.23-23.30.22:843][  0]LogTemp:Display: Loaded TP IOSTargetPlatform
[2016.06.23-23.30.22:853][  0]LogTemp:Display: Loaded TP TVOSTargetPlatform
[2016.06.23-23.30.22:866][  0]LogTemp:Display: Loaded TP LinuxNoEditorTargetPlatform
[2016.06.23-23.30.22:877][  0]LogTemp:Display: Loaded TP LinuxServerTargetPlatform
[2016.06.23-23.30.22:891][  0]LogTemp:Display: Loaded TP LinuxTargetPlatform
[2016.06.23-23.30.22:891][  0]LogTargetPlatformManager:Display: Building Assets For Windows
[2016.06.23-23.30.23:255][  0]LogDerivedDataCache:Display: Max Cache Size: 512 MB
[2016.06.23-23.30.23:352][  0]LogDerivedDataCache: Loaded boot cache 0.10s 60MB C:/Users/Dalton/AppData/Local/UnrealEngine/4.12/DerivedDataCache/Boot.ddc.
[2016.06.23-23.30.23:353][  0]LogDerivedDataCache:Display: Loaded Boot cache: C:/Users/Dalton/AppData/Local/UnrealEngine/4.12/DerivedDataCache/Boot.ddc
[2016.06.23-23.30.23:353][  0]LogDerivedDataCache: FDerivedDataBackendGraph:  Pak pak cache file ../../../../../../Users/Dalton/Documents/GitHub/InfiniteRunner/DerivedDataCache/DDC.ddp not found, will not use a pak cache.
[2016.06.23-23.30.23:353][  0]LogDerivedDataCache: Unable to find inner node Pak for hierarchical cache Hierarchy.
[2016.06.23-23.30.23:353][  0]LogDerivedDataCache: FDerivedDataBackendGraph:  CompressedPak pak cache file ../../../../../../Users/Dalton/Documents/GitHub/InfiniteRunner/DerivedDataCache/Compressed.ddp not found, will not use a pak cache.
[2016.06.23-23.30.23:353][  0]LogDerivedDataCache: Unable to find inner node CompressedPak for hierarchical cache Hierarchy.
[2016.06.23-23.30.23:378][  0]LogDerivedDataCache:Display: Pak cache opened for reading ../../../Engine/DerivedDataCache/Compressed.ddp.
[2016.06.23-23.30.23:390][  0]LogDerivedDataCache: Using Local data cache path C:/Users/Dalton/AppData/Local/UnrealEngine/Common/DerivedDataCache: Writable
[2016.06.23-23.30.25:759][  0]LogInit: Selected Device Profile: [Windows]
[2016.06.23-23.30.25:760][  0]LogContentStreaming: Texture pool size is 0.00 MB
[2016.06.23-23.30.26:052][  0]LogMeshUtilities: No automatic mesh reduction module available
[2016.06.23-23.30.26:052][  0]LogMeshUtilities: No automatic mesh merging module available
[2016.06.23-23.30.26:052][  0]LogMeshUtilities: No distributed automatic mesh merging module available
[2016.06.23-23.30.26:630][  0]LogAssetRegistry: FAssetRegistry took 0.0218 seconds to start up
[2016.06.23-23.30.26:672][  0]LogPackageLocalizationCache: Processed 3 localized package path(s) for 2 prioritized culture(s) in 0.035242 seconds
[2016.06.23-23.30.26:680][  0]LogUObjectArray: 28739 objects as part of root set at end of initial load.
[2016.06.23-23.30.26:680][  0]LogUObjectAllocator: 5855624 out of 0 bytes used by permanent object pool.
[2016.06.23-23.30.26:680][  0]LogUObjectArray: CloseDisregardForGC: 0/0 objects in disregard for GC pool
[2016.06.23-23.30.26:697][  0]LogInit: WinSock: version 1.1 (2.2), MaxSocks=32767, MaxUdp=65467
[2016.06.23-23.30.27:095][  0]LogSlate: SlateFontCache - WITH_FREETYPE: 1, WITH_HARFBUZZ: 1
[2016.06.23-23.30.27:095][  0]LogSlate: SlateFontCache - WITH_FREETYPE: 1, WITH_HARFBUZZ: 1
[2016.06.23-23.30.28:683][  0]LogUdpMessaging: Initializing bridge on interface 0.0.0.0:0 to multicast group 230.0.0.1:6666.
[2016.06.23-23.30.29:008][  0]SourceControl: Info Source control is disabled
[2016.06.23-23.30.29:009][  0]SourceControl: Info Source control is disabled
[2016.06.23-23.30.29:025][  0]SourceControl: Info Source control is disabled
[2016.06.23-23.30.29:042][  0]SourceControl: Info Source control is disabled
[2016.06.23-23.30.29:392][  0]LogEngine: Initializing Engine...
[2016.06.23-23.30.29:419][  0]LogHMD: SteamVR failed to initialize.  Err: 110
[2016.06.23-23.30.29:420][  0]LogHMD: SteamVR failed to initialize.  Err: 110
[2016.06.23-23.30.29:618][  0]LogAIModule: Creating AISystem for world NewWorld
[2016.06.23-23.30.29:638][  0]LogInit: XAudio2 using 'Speakers (2- KAVE XTD Headset)' : 2 channels at 48 kHz using 16 bits per sample (channel mask 0x3)
[2016.06.23-23.30.29:657][  0]LogInit: FAudioDevice initialized.
[2016.06.23-23.30.29:709][  0]LogDerivedDataCache: Saved boot cache 0.05s 60MB C:/Users/Dalton/AppData/Local/UnrealEngine/4.12/DerivedDataCache/Boot.ddc.
[2016.06.23-23.30.29:725][  0]LogInit: Texture streaming: Enabled
[2016.06.23-23.30.29:767][  0]LogInit: Transaction tracking system initialized
[2016.06.23-23.30.29:817][  0]BlueprintLog: New page: Editor Load
[2016.06.23-23.30.30:758][  0]LocalizationService: Info Localization service is disabled
[2016.06.23-23.30.30:907][  0]LogConsoleResponse:Display: 
[2016.06.23-23.30.31:141][  0]LogCook:Display: Max memory allowance for cook 8192mb
[2016.06.23-23.30.31:142][  0]LogCook:Display: Mobile HDR setting 1
[2016.06.23-23.30.31:333][  0]LogFileCache: Scanning file cache for directory 'C:/Users/Dalton/Documents/GitHub/InfiniteRunner/Content/' took 0.01s
[2016.06.23-23.30.31:333][  0]SourceControl: Info Source control is disabled
[2016.06.23-23.30.31:334][  0]LogFactory: FactoryCreateFile: PackFactory with PackFactory (0 0 C:/Program Files (x86)/Epic Games/4.12/FeaturePacks/MobileStarterContent.upack)
[2016.06.23-23.30.31:376][  0]LogPackFactory: Finished extracting 8 files (including 0 errors).
[2016.06.23-23.30.31:405][  0]LogPackFactory: Copied "../../../Samples/MobileStarterContent/Content/MobileStarterContent/Architecture/Floor_400x400.uasset" to "../../../../../../Users/Dalton/Documents/GitHub/InfiniteRunner/Content/MobileStarterContent/Architecture/Floor_400x400.uasset"
[2016.06.23-23.30.31:412][  0]LogPackFactory: Copied "../../../Samples/MobileStarterContent/Content/MobileStarterContent/Architecture/Pillar_50x500.uasset" to "../../../../../../Users/Dalton/Documents/GitHub/InfiniteRunner/Content/MobileStarterContent/Architecture/Pillar_50x500.uasset"
[2016.06.23-23.30.31:419][  0]LogPackFactory: Copied "../../../Samples/MobileStarterContent/Content/MobileStarterContent/Architecture/Wall_400x200.uasset" to "../../../../../../Users/Dalton/Documents/GitHub/InfiniteRunner/Content/MobileStarterContent/Architecture/Wall_400x200.uasset"
[2016.06.23-23.30.31:425][  0]LogPackFactory: Copied "../../../Samples/MobileStarterContent/Content/MobileStarterContent/Architecture/Wall_400x300.uasset" to "../../../../../../Users/Dalton/Documents/GitHub/InfiniteRunner/Content/MobileStarterContent/Architecture/Wall_400x300.uasset"
[2016.06.23-23.30.31:434][  0]LogPackFactory: Copied "../../../Samples/MobileStarterContent/Content/MobileStarterContent/Architecture/Wall_400x400.uasset" to "../../../../../../Users/Dalton/Documents/GitHub/InfiniteRunner/Content/MobileStarterContent/Architecture/Wall_400x400.uasset"
[2016.06.23-23.30.31:440][  0]LogPackFactory: Copied "../../../Samples/MobileStarterContent/Content/MobileStarterContent/Architecture/Wall_500x500.uasset" to "../../../../../../Users/Dalton/Documents/GitHub/InfiniteRunner/Content/MobileStarterContent/Architecture/Wall_500x500.uasset"
[2016.06.23-23.30.31:447][  0]LogPackFactory: Copied "../../../Samples/MobileStarterContent/Content/MobileStarterContent/Architecture/Wall_Door_400x300.uasset" to "../../../../../../Users/Dalton/Documents/GitHub/InfiniteRunner/Content/MobileStarterContent/Architecture/Wall_Door_400x300.uasset"
[2016.06.23-23.30.31:453][  0]LogPackFactory: Copied "../../../Samples/MobileStarterContent/Content/MobileStarterContent/Architecture/Wall_Door_400x400.uasset" to "../../../../../../Users/Dalton/Documents/GitHub/InfiniteRunner/Content/MobileStarterContent/Architecture/Wall_Door_400x400.uasset"
[2016.06.23-23.30.31:459][  0]LogPackFactory: Copied "../../../Samples/MobileStarterContent/Content/MobileStarterContent/Architecture/Wall_Window_400x300.uasset" to "../../../../../../Users/Dalton/Documents/GitHub/InfiniteRunner/Content/MobileStarterContent/Architecture/Wall_Window_400x300.uasset"
[2016.06.23-23.30.31:465][  0]LogPackFactory: Copied "../../../Samples/MobileStarterContent/Content/MobileStarterContent/Architecture/Wall_Window_400x400.uasset" to "../../../../../../Users/Dalton/Documents/GitHub/InfiniteRunner/Content/MobileStarterContent/Architecture/Wall_Window_400x400.uasset"
[2016.06.23-23.30.31:476][  0]LogPackFactory: Copied "../../../Samples/MobileStarterContent/Content/MobileStarterContent/Audio/Collapse01.uasset" to "../../../../../../Users/Dalton/Documents/GitHub/InfiniteRunner/Content/MobileStarterContent/Audio/Collapse01.uasset"
[2016.06.23-23.30.31:494][  0]LogPackFactory: Copied "../../../Samples/MobileStarterContent/Content/MobileStarterContent/Audio/Collapse02.uasset" to "../../../../../../Users/Dalton/Documents/GitHub/InfiniteRunner/Content/MobileStarterContent/Audio/Collapse02.uasset"
[2016.06.23-23.30.31:512][  0]LogPackFactory: Copied "../../../Samples/MobileStarterContent/Content/MobileStarterContent/Audio/Collapse_Cue.uasset" to "../../../../../../Users/Dalton/Documents/GitHub/InfiniteRunner/Content/MobileStarterContent/Audio/Collapse_Cue.uasset"
[2016.06.23-23.30.31:529][  0]LogPackFactory: Copied "../../../Samples/MobileStarterContent/Content/MobileStarterContent/Audio/Explosion01.uasset" to "../../../../../../Users/Dalton/Documents/GitHub/InfiniteRunner/Content/MobileStarterContent/Audio/Explosion01.uasset"
[2016.06.23-23.30.31:536][  0]LogPackFactory: Copied "../../../Samples/MobileStarterContent/Content/MobileStarterContent/Audio/Explosion02.uasset" to "../../../../../../Users/Dalton/Documents/GitHub/InfiniteRunner/Content/MobileStarterContent/Audio/Explosion02.uasset"
[2016.06.23-23.30.31:562][  0]LogPackFactory: Copied "../../../Samples/MobileStarterContent/Content/MobileStarterContent/Audio/Explosion_Cue.uasset" to "../../../../../../Users/Dalton/Documents/GitHub/InfiniteRunner/Content/MobileStarterContent/Audio/Explosion_Cue.uasset"
[2016.06.23-23.30.31:586][  0]LogPackFactory: Copied "../../../Samples/MobileStarterContent/Content/MobileStarterContent/Audio/Fire01.uasset" to "../../../../../../Users/Dalton/Documents/GitHub/InfiniteRunner/Content/MobileStarterContent/Audio/Fire01.uasset"
[2016.06.23-23.30.31:591][  0]LogPackFactory: Copied "../../../Samples/MobileStarterContent/Content/MobileStarterContent/Audio/Fire01_Cue.uasset" to "../../../../../../Users/Dalton/Documents/GitHub/InfiniteRunner/Content/MobileStarterContent/Audio/Fire01_Cue.uasset"
[2016.06.23-23.30.31:610][  0]LogPackFactory: Copied "../../../Samples/MobileStarterContent/Content/MobileStarterContent/Audio/Fire_Sparks01.uasset" to "../../../../../../Users/Dalton/Documents/GitHub/InfiniteRunner/Content/MobileStarterContent/Audio/Fire_Sparks01.uasset"
[2016.06.23-23.30.31:628][  0]LogPackFactory: Copied "../../../Samples/MobileStarterContent/Content/MobileStarterContent/Audio/Fire_Sparks01_Cue.uasset" to "../../../../../../Users/Dalton/Documents/GitHub/InfiniteRunner/Content/MobileStarterContent/Audio/Fire_Sparks01_Cue.uasset"
[2016.06.23-23.30.31:653][  0]LogPackFactory: Copied "../../../Samples/MobileStarterContent/Content/MobileStarterContent/Audio/Light01.uasset" to "../../../../../../Users/Dalton/Documents/GitHub/InfiniteRunner/Content/MobileStarterContent/Audio/Light01.uasset"
[2016.06.23-23.30.31:657][  0]LogPackFactory: Copied "../../../Samples/MobileStarterContent/Content/MobileStarterContent/Audio/Light01_Cue.uasset" to "../../../../../../Users/Dalton/Documents/GitHub/InfiniteRunner/Content/MobileStarterContent/Audio/Light01_Cue.uasset"
[2016.06.23-23.30.31:675][  0]LogPackFactory: Copied "../../../Samples/MobileStarterContent/Content/MobileStarterContent/Audio/Light02.uasset" to "../../../../../../Users/Dalton/Documents/GitHub/InfiniteRunner/Content/MobileStarterContent/Audio/Light02.uasset"
[2016.06.23-23.30.31:679][  0]LogPackFactory: Copied "../../../Samples/MobileStarterContent/Content/MobileStarterContent/Audio/Light02_Cue.uasset" to "../../../../../../Users/Dalton/Documents/GitHub/InfiniteRunner/Content/MobileStarterContent/Audio/Light02_Cue.uasset"
[2016.06.23-23.30.31:700][  0]LogPackFactory: Copied "../../../Samples/MobileStarterContent/Content/MobileStarterContent/Audio/Smoke01.uasset" to "../../../../../../Users/Dalton/Documents/GitHub/InfiniteRunner/Content/MobileStarterContent/Audio/Smoke01.uasset"
[2016.06.23-23.30.31:705][  0]LogPackFactory: Copied "../../../Samples/MobileStarterContent/Content/MobileStarterContent/Audio/Smoke01_Cue.uasset" to "../../../../../../Users/Dalton/Documents/GitHub/InfiniteRunner/Content/MobileStarterContent/Audio/Smoke01_Cue.uasset"
[2016.06.23-23.30.31:712][  0]LogPackFactory: Copied "../../../Samples/MobileStarterContent/Content/MobileStarterContent/Audio/Starter_Background_Cue.uasset" to "../../../../../../Users/Dalton/Documents/GitHub/InfiniteRunner/Content/MobileStarterContent/Audio/Starter_Background_Cue.uasset"
[2016.06.23-23.30.31:762][  0]LogPackFactory: Copied "../../../Samples/MobileStarterContent/Content/MobileStarterContent/Audio/Starter_Birds01.uasset" to "../../../../../../Users/Dalton/Documents/GitHub/InfiniteRunner/Content/MobileStarterContent/Audio/Starter_Birds01.uasset"
[2016.06.23-23.30.31:842][  0]LogPackFactory: Copied "../../../Samples/MobileStarterContent/Content/MobileStarterContent/Audio/Starter_Music01.uasset" to "../../../../../../Users/Dalton/Documents/GitHub/InfiniteRunner/Content/MobileStarterContent/Audio/Starter_Music01.uasset"
[2016.06.23-23.30.31:847][  0]LogPackFactory: Copied "../../../Samples/MobileStarterContent/Content/MobileStarterContent/Audio/Starter_Music_Cue.uasset" to "../../../../../../Users/Dalton/Documents/GitHub/InfiniteRunner/Content/MobileStarterContent/Audio/Starter_Music_Cue.uasset"
[2016.06.23-23.30.31:891][  0]LogPackFactory: Copied "../../../Samples/MobileStarterContent/Content/MobileStarterContent/Audio/Starter_Wind05.uasset" to "../../../../../../Users/Dalton/Documents/GitHub/InfiniteRunner/Content/MobileStarterContent/Audio/Starter_Wind05.uasset"
[2016.06.23-23.30.31:937][  0]LogPackFactory: Copied "../../../Samples/MobileStarterContent/Content/MobileStarterContent/Audio/Starter_Wind06.uasset" to "../../../../../../Users/Dalton/Documents/GitHub/InfiniteRunner/Content/MobileStarterContent/Audio/Starter_Wind06.uasset"
[2016.06.23-23.30.31:984][  0]LogPackFactory: Copied "../../../Samples/MobileStarterContent/Content/MobileStarterContent/Audio/Steam01.uasset" to "../../../../../../Users/Dalton/Documents/GitHub/InfiniteRunner/Content/MobileStarterContent/Audio/Steam01.uasset"
[2016.06.23-23.30.32:008][  0]LogPackFactory: Copied "../../../Samples/MobileStarterContent/Content/MobileStarterContent/Audio/Steam01_Cue.uasset" to "../../../../../../Users/Dalton/Documents/GitHub/InfiniteRunner/Content/MobileStarterContent/Audio/Steam01_Cue.uasset"
[2016.06.23-23.30.32:033][  0]LogPackFactory: Copied "../../../Samples/MobileStarterContent/Content/MobileStarterContent/Blueprints/Blueprint_CeilingLight.uasset" to "../../../../../../Users/Dalton/Documents/GitHub/InfiniteRunner/Content/MobileStarterContent/Blueprints/Blueprint_CeilingLight.uasset"
[2016.06.23-23.30.32:049][  0]LogPackFactory: Copied "../../../Samples/MobileStarterContent/Content/MobileStarterContent/Blueprints/Blueprint_Effect_Explosion.uasset" to "../../../../../../Users/Dalton/Documents/GitHub/InfiniteRunner/Content/MobileStarterContent/Blueprints/Blueprint_Effect_Explosion.uasset"
[2016.06.23-23.30.32:062][  0]LogPackFactory: Copied "../../../Samples/MobileStarterContent/Content/MobileStarterContent/Blueprints/Blueprint_Effect_Fire.uasset" to "../../../../../../Users/Dalton/Documents/GitHub/InfiniteRunner/Content/MobileStarterContent/Blueprints/Blueprint_Effect_Fire.uasset"
[2016.06.23-23.30.32:069][  0]LogPackFactory: Copied "../../../Samples/MobileStarterContent/Content/MobileStarterContent/Blueprints/Blueprint_Effect_Smoke.uasset" to "../../../../../../Users/Dalton/Documents/GitHub/InfiniteRunner/Content/MobileStarterContent/Blueprints/Blueprint_Effect_Smoke.uasset"
[2016.06.23-23.30.32:075][  0]LogPackFactory: Copied "../../../Samples/MobileStarterContent/Content/MobileStarterContent/Blueprints/Blueprint_Effect_Sparks.uasset" to "../../../../../../Users/Dalton/Documents/GitHub/InfiniteRunner/Content/MobileStarterContent/Blueprints/Blueprint_Effect_Sparks.uasset"
[2016.06.23-23.30.32:097][  0]LogPackFactory: Copied "../../../Samples/MobileStarterContent/Content/MobileStarterContent/Blueprints/Blueprint_WallSconce.uasset" to "../../../../../../Users/Dalton/Documents/GitHub/InfiniteRunner/Content/MobileStarterContent/Blueprints/Blueprint_WallSconce.uasset"
[2016.06.23-23.30.32:118][  0]LogPackFactory: Copied "../../../Samples/MobileStarterContent/Content/MobileStarterContent/Maps/Minimal_Default.umap" to "../../../../../../Users/Dalton/Documents/GitHub/InfiniteRunner/Content/MobileStarterContent/Maps/Minimal_Default.umap"
[2016.06.23-23.30.32:279][  0]LogPackFactory: Copied "../../../Samples/MobileStarterContent/Content/MobileStarterContent/Maps/StarterMap.umap" to "../../../../../../Users/Dalton/Documents/GitHub/InfiniteRunner/Content/MobileStarterContent/Maps/StarterMap.umap"
[2016.06.23-23.30.32:316][  0]LogPackFactory: Copied "../../../Samples/MobileStarterContent/Content/MobileStarterContent/Materials/M_Basic_Floor.uasset" to "../../../../../../Users/Dalton/Documents/GitHub/InfiniteRunner/Content/MobileStarterContent/Materials/M_Basic_Floor.uasset"
[2016.06.23-23.30.32:336][  0]LogPackFactory: Copied "../../../Samples/MobileStarterContent/Content/MobileStarterContent/Materials/M_Basic_Wall.uasset" to "../../../../../../Users/Dalton/Documents/GitHub/InfiniteRunner/Content/MobileStarterContent/Materials/M_Basic_Wall.uasset"
[2016.06.23-23.30.32:343][  0]LogPackFactory: Copied "../../../Samples/MobileStarterContent/Content/MobileStarterContent/Materials/M_Brick_Clay_Beveled.uasset" to "../../../../../../Users/Dalton/Documents/GitHub/InfiniteRunner/Content/MobileStarterContent/Materials/M_Brick_Clay_Beveled.uasset"
[2016.06.23-23.30.32:360][  0]LogPackFactory: Copied "../../../Samples/MobileStarterContent/Content/MobileStarterContent/Materials/M_Brick_Clay_New.uasset" to "../../../../../../Users/Dalton/Documents/GitHub/InfiniteRunner/Content/MobileStarterContent/Materials/M_Brick_Clay_New.uasset"
[2016.06.23-23.30.32:368][  0]LogPackFactory: Copied "../../../Samples/MobileStarterContent/Content/MobileStarterContent/Materials/M_Brick_Clay_Old.uasset" to "../../../../../../Users/Dalton/Documents/GitHub/InfiniteRunner/Content/MobileStarterContent/Materials/M_Brick_Clay_Old.uasset"
[2016.06.23-23.30.32:385][  0]LogPackFactory: Copied "../../../Samples/MobileStarterContent/Content/MobileStarterContent/Materials/M_Brick_Cut_Stone.uasset" to "../../../../../../Users/Dalton/Documents/GitHub/InfiniteRunner/Content/MobileStarterContent/Materials/M_Brick_Cut_Stone.uasset"
[2016.06.23-23.30.32:392][  0]LogPackFactory: Copied "../../../Samples/MobileStarterContent/Content/MobileStarterContent/Materials/M_Brick_Hewn_Stone.uasset" to "../../../../../../Users/Dalton/Documents/GitHub/InfiniteRunner/Content/MobileStarterContent/Materials/M_Brick_Hewn_Stone.uasset"
[2016.06.23-23.30.32:399][  0]LogPackFactory: Copied "../../../Samples/MobileStarterContent/Content/MobileStarterContent/Materials/M_Ceramic_Tile_Checker.uasset" to "../../../../../../Users/Dalton/Documents/GitHub/InfiniteRunner/Content/MobileStarterContent/Materials/M_Ceramic_Tile_Checker.uasset"
[2016.06.23-23.30.32:406][  0]LogPackFactory: Copied "../../../Samples/MobileStarterContent/Content/MobileStarterContent/Materials/M_CobbleStone_Pebble.uasset" to "../../../../../../Users/Dalton/Documents/GitHub/InfiniteRunner/Content/MobileStarterContent/Materials/M_CobbleStone_Pebble.uasset"
[2016.06.23-23.30.32:426][  0]LogPackFactory: Copied "../../../Samples/MobileStarterContent/Content/MobileStarterContent/Materials/M_CobbleStone_Rough.uasset" to "../../../../../../Users/Dalton/Documents/GitHub/InfiniteRunner/Content/MobileStarterContent/Materials/M_CobbleStone_Rough.uasset"
[2016.06.23-23.30.32:444][  0]LogPackFactory: Copied "../../../Samples/MobileStarterContent/Content/MobileStarterContent/Materials/M_CobbleStone_Smooth.uasset" to "../../../../../../Users/Dalton/Documents/GitHub/InfiniteRunner/Content/MobileStarterContent/Materials/M_CobbleStone_Smooth.uasset"
[2016.06.23-23.30.32:451][  0]LogPackFactory: Copied "../../../Samples/MobileStarterContent/Content/MobileStarterContent/Materials/M_Concrete_Grime.uasset" to "../../../../../../Users/Dalton/Documents/GitHub/InfiniteRunner/Content/MobileStarterContent/Materials/M_Concrete_Grime.uasset"
[2016.06.23-23.30.32:458][  0]LogPackFactory: Copied "../../../Samples/MobileStarterContent/Content/MobileStarterContent/Materials/M_Concrete_Panels.uasset" to "../../../../../../Users/Dalton/Documents/GitHub/InfiniteRunner/Content/MobileStarterContent/Materials/M_Concrete_Panels.uasset"
[2016.06.23-23.30.32:475][  0]LogPackFactory: Copied "../../../Samples/MobileStarterContent/Content/MobileStarterContent/Materials/M_Concrete_Poured.uasset" to "../../../../../../Users/Dalton/Documents/GitHub/InfiniteRunner/Content/MobileStarterContent/Materials/M_Concrete_Poured.uasset"
[2016.06.23-23.30.32:482][  0]LogPackFactory: Copied "../../../Samples/MobileStarterContent/Content/MobileStarterContent/Materials/M_Concrete_Tiles.uasset" to "../../../../../../Users/Dalton/Documents/GitHub/InfiniteRunner/Content/MobileStarterContent/Materials/M_Concrete_Tiles.uasset"
[2016.06.23-23.30.32:502][  0]LogPackFactory: Copied "../../../Samples/MobileStarterContent/Content/MobileStarterContent/Materials/M_Glass.uasset" to "../../../../../../Users/Dalton/Documents/GitHub/InfiniteRunner/Content/MobileStarterContent/Materials/M_Glass.uasset"
[2016.06.23-23.30.32:510][  0]LogPackFactory: Copied "../../../Samples/MobileStarterContent/Content/MobileStarterContent/Materials/M_Ground_Grass.uasset" to "../../../../../../Users/Dalton/Documents/GitHub/InfiniteRunner/Content/MobileStarterContent/Materials/M_Ground_Grass.uasset"
[2016.06.23-23.30.32:516][  0]LogPackFactory: Copied "../../../Samples/MobileStarterContent/Content/MobileStarterContent/Materials/M_Ground_Gravel.uasset" to "../../../../../../Users/Dalton/Documents/GitHub/InfiniteRunner/Content/MobileStarterContent/Materials/M_Ground_Gravel.uasset"
[2016.06.23-23.30.32:542][  0]LogPackFactory: Copied "../../../Samples/MobileStarterContent/Content/MobileStarterContent/Materials/M_Ground_Moss.uasset" to "../../../../../../Users/Dalton/Documents/GitHub/InfiniteRunner/Content/MobileStarterContent/Materials/M_Ground_Moss.uasset"
[2016.06.23-23.30.32:548][  0]LogPackFactory: Copied "../../../Samples/MobileStarterContent/Content/MobileStarterContent/Materials/M_Metal_Brushed_Nickel.uasset" to "../../../../../../Users/Dalton/Documents/GitHub/InfiniteRunner/Content/MobileStarterContent/Materials/M_Metal_Brushed_Nickel.uasset"
[2016.06.23-23.30.32:572][  0]LogPackFactory: Copied "../../../Samples/MobileStarterContent/Content/MobileStarterContent/Materials/M_Metal_Burnished_Steel.uasset" to "../../../../../../Users/Dalton/Documents/GitHub/InfiniteRunner/Content/MobileStarterContent/Materials/M_Metal_Burnished_Steel.uasset"
[2016.06.23-23.30.32:579][  0]LogPackFactory: Copied "../../../Samples/MobileStarterContent/Content/MobileStarterContent/Materials/M_Metal_Chrome.uasset" to "../../../../../../Users/Dalton/Documents/GitHub/InfiniteRunner/Content/MobileStarterContent/Materials/M_Metal_Chrome.uasset"
[2016.06.23-23.30.32:587][  0]LogPackFactory: Copied "../../../Samples/MobileStarterContent/Content/MobileStarterContent/Materials/M_Metal_Copper.uasset" to "../../../../../../Users/Dalton/Documents/GitHub/InfiniteRunner/Content/MobileStarterContent/Materials/M_Metal_Copper.uasset"
[2016.06.23-23.30.32:594][  0]LogPackFactory: Copied "../../../Samples/MobileStarterContent/Content/MobileStarterContent/Materials/M_Metal_Gold.uasset" to "../../../../../../Users/Dalton/Documents/GitHub/InfiniteRunner/Content/MobileStarterContent/Materials/M_Metal_Gold.uasset"
[2016.06.23-23.30.32:601][  0]LogPackFactory: Copied "../../../Samples/MobileStarterContent/Content/MobileStarterContent/Materials/M_Metal_Rust.uasset" to "../../../../../../Users/Dalton/Documents/GitHub/InfiniteRunner/Content/MobileStarterContent/Materials/M_Metal_Rust.uasset"
[2016.06.23-23.30.32:617][  0]LogPackFactory: Copied "../../../Samples/MobileStarterContent/Content/MobileStarterContent/Materials/M_Metal_Steel.uasset" to "../../../../../../Users/Dalton/Documents/GitHub/InfiniteRunner/Content/MobileStarterContent/Materials/M_Metal_Steel.uasset"
[2016.06.23-23.30.32:650][  0]LogPackFactory: Copied "../../../Samples/MobileStarterContent/Content/MobileStarterContent/Materials/M_Rock_Basalt.uasset" to "../../../../../../Users/Dalton/Documents/GitHub/InfiniteRunner/Content/MobileStarterContent/Materials/M_Rock_Basalt.uasset"
[2016.06.23-23.30.32:657][  0]LogPackFactory: Copied "../../../Samples/MobileStarterContent/Content/MobileStarterContent/Materials/M_Rock_Marble_Polished.uasset" to "../../../../../../Users/Dalton/Documents/GitHub/InfiniteRunner/Content/MobileStarterContent/Materials/M_Rock_Marble_Polished.uasset"
[2016.06.23-23.30.32:665][  0]LogPackFactory: Copied "../../../Samples/MobileStarterContent/Content/MobileStarterContent/Materials/M_Rock_Sandstone.uasset" to "../../../../../../Users/Dalton/Documents/GitHub/InfiniteRunner/Content/MobileStarterContent/Materials/M_Rock_Sandstone.uasset"
[2016.06.23-23.30.32:672][  0]LogPackFactory: Copied "../../../Samples/MobileStarterContent/Content/MobileStarterContent/Materials/M_Rock_Slate.uasset" to "../../../../../../Users/Dalton/Documents/GitHub/InfiniteRunner/Content/MobileStarterContent/Materials/M_Rock_Slate.uasset"
[2016.06.23-23.30.32:692][  0]LogPackFactory: Copied "../../../Samples/MobileStarterContent/Content/MobileStarterContent/Materials/M_Tech_Checker_Dot.uasset" to "../../../../../../Users/Dalton/Documents/GitHub/InfiniteRunner/Content/MobileStarterContent/Materials/M_Tech_Checker_Dot.uasset"
[2016.06.23-23.30.32:700][  0]LogPackFactory: Copied "../../../Samples/MobileStarterContent/Content/MobileStarterContent/Materials/M_Tech_Hex_Tile.uasset" to "../../../../../../Users/Dalton/Documents/GitHub/InfiniteRunner/Content/MobileStarterContent/Materials/M_Tech_Hex_Tile.uasset"
[2016.06.23-23.30.32:706][  0]LogPackFactory: Copied "../../../Samples/MobileStarterContent/Content/MobileStarterContent/Materials/M_Tech_Hex_Tile_Pulse.uasset" to "../../../../../../Users/Dalton/Documents/GitHub/InfiniteRunner/Content/MobileStarterContent/Materials/M_Tech_Hex_Tile_Pulse.uasset"
[2016.06.23-23.30.32:713][  0]LogPackFactory: Copied "../../../Samples/MobileStarterContent/Content/MobileStarterContent/Materials/M_Tech_Panel.uasset" to "../../../../../../Users/Dalton/Documents/GitHub/InfiniteRunner/Content/MobileStarterContent/Materials/M_Tech_Panel.uasset"
[2016.06.23-23.30.32:752][  0]LogPackFactory: Copied "../../../Samples/MobileStarterContent/Content/MobileStarterContent/Materials/M_Water_Lake.uasset" to "../../../../../../Users/Dalton/Documents/GitHub/InfiniteRunner/Content/MobileStarterContent/Materials/M_Water_Lake.uasset"
[2016.06.23-23.30.32:759][  0]LogPackFactory: Copied "../../../Samples/MobileStarterContent/Content/MobileStarterContent/Materials/M_Water_Ocean.uasset" to "../../../../../../Users/Dalton/Documents/GitHub/InfiniteRunner/Content/MobileStarterContent/Materials/M_Water_Ocean.uasset"
[2016.06.23-23.30.32:767][  0]LogPackFactory: Copied "../../../Samples/MobileStarterContent/Content/MobileStarterContent/Materials/M_Wood_Floor_Walnut_Polished.uasset" to "../../../../../../Users/Dalton/Documents/GitHub/InfiniteRunner/Content/MobileStarterContent/Materials/M_Wood_Floor_Walnut_Polished.uasset"
[2016.06.23-23.30.32:773][  0]LogPackFactory: Copied "../../../Samples/MobileStarterContent/Content/MobileStarterContent/Materials/M_Wood_Floor_Walnut_Worn.uasset" to "../../../../../../Users/Dalton/Documents/GitHub/InfiniteRunner/Content/MobileStarterContent/Materials/M_Wood_Floor_Walnut_Worn.uasset"
[2016.06.23-23.30.32:780][  0]LogPackFactory: Copied "../../../Samples/MobileStarterContent/Content/MobileStarterContent/Materials/M_Wood_Oak.uasset" to "../../../../../../Users/Dalton/Documents/GitHub/InfiniteRunner/Content/MobileStarterContent/Materials/M_Wood_Oak.uasset"
[2016.06.23-23.30.32:803][  0]LogPackFactory: Copied "../../../Samples/MobileStarterContent/Content/MobileStarterContent/Materials/M_Wood_Pine.uasset" to "../../../../../../Users/Dalton/Documents/GitHub/InfiniteRunner/Content/MobileStarterContent/Materials/M_Wood_Pine.uasset"
[2016.06.23-23.30.32:831][  0]LogPackFactory: Copied "../../../Samples/MobileStarterContent/Content/MobileStarterContent/Materials/M_Wood_Walnut.uasset" to "../../../../../../Users/Dalton/Documents/GitHub/InfiniteRunner/Content/MobileStarterContent/Materials/M_Wood_Walnut.uasset"
[2016.06.23-23.30.32:864][  0]LogPackFactory: Copied "../../../Samples/MobileStarterContent/Content/MobileStarterContent/Particles/P_Ambient_Dust.uasset" to "../../../../../../Users/Dalton/Documents/GitHub/InfiniteRunner/Content/MobileStarterContent/Particles/P_Ambient_Dust.uasset"
[2016.06.23-23.30.32:871][  0]LogPackFactory: Copied "../../../Samples/MobileStarterContent/Content/MobileStarterContent/Particles/P_Explosion.uasset" to "../../../../../../Users/Dalton/Documents/GitHub/InfiniteRunner/Content/MobileStarterContent/Particles/P_Explosion.uasset"
[2016.06.23-23.30.32:893][  0]LogPackFactory: Copied "../../../Samples/MobileStarterContent/Content/MobileStarterContent/Particles/P_Fire.uasset" to "../../../../../../Users/Dalton/Documents/GitHub/InfiniteRunner/Content/MobileStarterContent/Particles/P_Fire.uasset"
[2016.06.23-23.30.32:911][  0]LogPackFactory: Copied "../../../Samples/MobileStarterContent/Content/MobileStarterContent/Particles/P_Smoke.uasset" to "../../../../../../Users/Dalton/Documents/GitHub/InfiniteRunner/Content/MobileStarterContent/Particles/P_Smoke.uasset"
[2016.06.23-23.30.32:919][  0]LogPackFactory: Copied "../../../Samples/MobileStarterContent/Content/MobileStarterContent/Particles/P_Sparks.uasset" to "../../../../../../Users/Dalton/Documents/GitHub/InfiniteRunner/Content/MobileStarterContent/Particles/P_Sparks.uasset"
[2016.06.23-23.30.32:931][  0]LogPackFactory: Copied "../../../Samples/MobileStarterContent/Content/MobileStarterContent/Particles/Materials/M_Burst.uasset" to "../../../../../../Users/Dalton/Documents/GitHub/InfiniteRunner/Content/MobileStarterContent/Particles/Materials/M_Burst.uasset"
[2016.06.23-23.30.32:959][  0]LogPackFactory: Copied "../../../Samples/MobileStarterContent/Content/MobileStarterContent/Particles/Materials/M_Dust_Particle.uasset" to "../../../../../../Users/Dalton/Documents/GitHub/InfiniteRunner/Content/MobileStarterContent/Particles/Materials/M_Dust_Particle.uasset"
[2016.06.23-23.30.32:979][  0]LogPackFactory: Copied "../../../Samples/MobileStarterContent/Content/MobileStarterContent/Particles/Materials/M_explosion_subUV.uasset" to "../../../../../../Users/Dalton/Documents/GitHub/InfiniteRunner/Content/MobileStarterContent/Particles/Materials/M_explosion_subUV.uasset"
[2016.06.23-23.30.32:986][  0]LogPackFactory: Copied "../../../Samples/MobileStarterContent/Content/MobileStarterContent/Particles/Materials/M_Fire_SubUV.uasset" to "../../../../../../Users/Dalton/Documents/GitHub/InfiniteRunner/Content/MobileStarterContent/Particles/Materials/M_Fire_SubUV.uasset"
[2016.06.23-23.30.33:006][  0]LogPackFactory: Copied "../../../Samples/MobileStarterContent/Content/MobileStarterContent/Particles/Materials/m_flare_01.uasset" to "../../../../../../Users/Dalton/Documents/GitHub/InfiniteRunner/Content/MobileStarterContent/Particles/Materials/m_flare_01.uasset"
[2016.06.23-23.30.33:025][  0]LogPackFactory: Copied "../../../Samples/MobileStarterContent/Content/MobileStarterContent/Particles/Materials/M_Radial_Gradient.uasset" to "../../../../../../Users/Dalton/Documents/GitHub/InfiniteRunner/Content/MobileStarterContent/Particles/Materials/M_Radial_Gradient.uasset"
[2016.06.23-23.30.33:033][  0]LogPackFactory: Copied "../../../Samples/MobileStarterContent/Content/MobileStarterContent/Particles/Materials/M_radial_ramp.uasset" to "../../../../../../Users/Dalton/Documents/GitHub/InfiniteRunner/Content/MobileStarterContent/Particles/Materials/M_radial_ramp.uasset"
[2016.06.23-23.30.33:039][  0]LogPackFactory: Copied "../../../Samples/MobileStarterContent/Content/MobileStarterContent/Particles/Materials/M_smoke_subUV.uasset" to "../../../../../../Users/Dalton/Documents/GitHub/InfiniteRunner/Content/MobileStarterContent/Particles/Materials/M_smoke_subUV.uasset"
[2016.06.23-23.30.33:046][  0]LogPackFactory: Copied "../../../Samples/MobileStarterContent/Content/MobileStarterContent/Particles/Materials/M_Spark.uasset" to "../../../../../../Users/Dalton/Documents/GitHub/InfiniteRunner/Content/MobileStarterContent/Particles/Materials/M_Spark.uasset"
[2016.06.23-23.30.33:084][  0]LogPackFactory: Copied "../../../Samples/MobileStarterContent/Content/MobileStarterContent/Props/MaterialSphere.uasset" to "../../../../../../Users/Dalton/Documents/GitHub/InfiniteRunner/Content/MobileStarterContent/Props/MaterialSphere.uasset"
[2016.06.23-23.30.33:106][  0]LogPackFactory: Copied "../../../Samples/MobileStarterContent/Content/MobileStarterContent/Props/SM_Bush.uasset" to "../../../../../../Users/Dalton/Documents/GitHub/InfiniteRunner/Content/MobileStarterContent/Props/SM_Bush.uasset"
[2016.06.23-23.30.33:122][  0]LogPackFactory: Copied "../../../Samples/MobileStarterContent/Content/MobileStarterContent/Props/SM_Chair.uasset" to "../../../../../../Users/Dalton/Documents/GitHub/InfiniteRunner/Content/MobileStarterContent/Props/SM_Chair.uasset"
[2016.06.23-23.30.33:179][  0]LogPackFactory: Copied "../../../Samples/MobileStarterContent/Content/MobileStarterContent/Props/SM_CornerFrame.uasset" to "../../../../../../Users/Dalton/Documents/GitHub/InfiniteRunner/Content/MobileStarterContent/Props/SM_CornerFrame.uasset"
[2016.06.23-23.30.33:187][  0]LogPackFactory: Copied "../../../Samples/MobileStarterContent/Content/MobileStarterContent/Props/SM_Couch.uasset" to "../../../../../../Users/Dalton/Documents/GitHub/InfiniteRunner/Content/MobileStarterContent/Props/SM_Couch.uasset"
[2016.06.23-23.30.33:195][  0]LogPackFactory: Copied "../../../Samples/MobileStarterContent/Content/MobileStarterContent/Props/SM_Door.uasset" to "../../../../../../Users/Dalton/Documents/GitHub/InfiniteRunner/Content/MobileStarterContent/Props/SM_Door.uasset"
[2016.06.23-23.30.33:208][  0]LogPackFactory: Copied "../../../Samples/MobileStarterContent/Content/MobileStarterContent/Props/SM_DoorFrame.uasset" to "../../../../../../Users/Dalton/Documents/GitHub/InfiniteRunner/Content/MobileStarterContent/Props/SM_DoorFrame.uasset"
[2016.06.23-23.30.33:214][  0]LogPackFactory: Copied "../../../Samples/MobileStarterContent/Content/MobileStarterContent/Props/SM_GlassWindow.uasset" to "../../../../../../Users/Dalton/Documents/GitHub/InfiniteRunner/Content/MobileStarterContent/Props/SM_GlassWindow.uasset"
[2016.06.23-23.30.33:221][  0]LogPackFactory: Copied "../../../Samples/MobileStarterContent/Content/MobileStarterContent/Props/SM_Lamp_Ceiling.uasset" to "../../../../../../Users/Dalton/Documents/GitHub/InfiniteRunner/Content/MobileStarterContent/Props/SM_Lamp_Ceiling.uasset"
[2016.06.23-23.30.33:228][  0]LogPackFactory: Copied "../../../Samples/MobileStarterContent/Content/MobileStarterContent/Props/SM_Lamp_Wall.uasset" to "../../../../../../Users/Dalton/Documents/GitHub/InfiniteRunner/Content/MobileStarterContent/Props/SM_Lamp_Wall.uasset"
[2016.06.23-23.30.33:289][  0]LogPackFactory: Copied "../../../Samples/MobileStarterContent/Content/MobileStarterContent/Props/SM_MatPreviewMesh_02.uasset" to "../../../../../../Users/Dalton/Documents/GitHub/InfiniteRunner/Content/MobileStarterContent/Props/SM_MatPreviewMesh_02.uasset"
[2016.06.23-23.30.33:307][  0]LogPackFactory: Copied "../../../Samples/MobileStarterContent/Content/MobileStarterContent/Props/SM_PillarFrame.uasset" to "../../../../../../Users/Dalton/Documents/GitHub/InfiniteRunner/Content/MobileStarterContent/Props/SM_PillarFrame.uasset"
[2016.06.23-23.30.33:314][  0]LogPackFactory: Copied "../../../Samples/MobileStarterContent/Content/MobileStarterContent/Props/SM_PillarFrame300.uasset" to "../../../../../../Users/Dalton/Documents/GitHub/InfiniteRunner/Content/MobileStarterContent/Props/SM_PillarFrame300.uasset"
[2016.06.23-23.30.33:321][  0]LogPackFactory: Copied "../../../Samples/MobileStarterContent/Content/MobileStarterContent/Props/SM_Rock.uasset" to "../../../../../../Users/Dalton/Documents/GitHub/InfiniteRunner/Content/MobileStarterContent/Props/SM_Rock.uasset"
[2016.06.23-23.30.33:328][  0]LogPackFactory: Copied "../../../Samples/MobileStarterContent/Content/MobileStarterContent/Props/SM_Shelf.uasset" to "../../../../../../Users/Dalton/Documents/GitHub/InfiniteRunner/Content/MobileStarterContent/Props/SM_Shelf.uasset"
[2016.06.23-23.30.33:334][  0]LogPackFactory: Copied "../../../Samples/MobileStarterContent/Content/MobileStarterContent/Props/SM_Stairs.uasset" to "../../../../../../Users/Dalton/Documents/GitHub/InfiniteRunner/Content/MobileStarterContent/Props/SM_Stairs.uasset"
[2016.06.23-23.30.33:357][  0]LogPackFactory: Copied "../../../Samples/MobileStarterContent/Content/MobileStarterContent/Props/SM_Statue.uasset" to "../../../../../../Users/Dalton/Documents/GitHub/InfiniteRunner/Content/MobileStarterContent/Props/SM_Statue.uasset"
[2016.06.23-23.30.33:380][  0]LogPackFactory: Copied "../../../Samples/MobileStarterContent/Content/MobileStarterContent/Props/SM_TableRound.uasset" to "../../../../../../Users/Dalton/Documents/GitHub/InfiniteRunner/Content/MobileStarterContent/Props/SM_TableRound.uasset"
[2016.06.23-23.30.33:387][  0]LogPackFactory: Copied "../../../Samples/MobileStarterContent/Content/MobileStarterContent/Props/SM_WindowFrame.uasset" to "../../../../../../Users/Dalton/Documents/GitHub/InfiniteRunner/Content/MobileStarterContent/Props/SM_WindowFrame.uasset"
[2016.06.23-23.30.33:407][  0]LogPackFactory: Copied "../../../Samples/MobileStarterContent/Content/MobileStarterContent/Props/Materials/M_Bush.uasset" to "../../../../../../Users/Dalton/Documents/GitHub/InfiniteRunner/Content/MobileStarterContent/Props/Materials/M_Bush.uasset"
[2016.06.23-23.30.33:428][  0]LogPackFactory: Copied "../../../Samples/MobileStarterContent/Content/MobileStarterContent/Props/Materials/M_Chair.uasset" to "../../../../../../Users/Dalton/Documents/GitHub/InfiniteRunner/Content/MobileStarterContent/Props/Materials/M_Chair.uasset"
[2016.06.23-23.30.33:435][  0]LogPackFactory: Copied "../../../Samples/MobileStarterContent/Content/MobileStarterContent/Props/Materials/M_Door.uasset" to "../../../../../../Users/Dalton/Documents/GitHub/InfiniteRunner/Content/MobileStarterContent/Props/Materials/M_Door.uasset"
[2016.06.23-23.30.33:441][  0]LogPackFactory: Copied "../../../Samples/MobileStarterContent/Content/MobileStarterContent/Props/Materials/M_Frame.uasset" to "../../../../../../Users/Dalton/Documents/GitHub/InfiniteRunner/Content/MobileStarterContent/Props/Materials/M_Frame.uasset"
[2016.06.23-23.30.33:448][  0]LogPackFactory: Copied "../../../Samples/MobileStarterContent/Content/MobileStarterContent/Props/Materials/M_Lamp.uasset" to "../../../../../../Users/Dalton/Documents/GitHub/InfiniteRunner/Content/MobileStarterContent/Props/Materials/M_Lamp.uasset"
[2016.06.23-23.30.33:461][  0]LogPackFactory: Copied "../../../Samples/MobileStarterContent/Content/MobileStarterContent/Props/Materials/M_MaterialSphere.uasset" to "../../../../../../Users/Dalton/Documents/GitHub/InfiniteRunner/Content/MobileStarterContent/Props/Materials/M_MaterialSphere.uasset"
[2016.06.23-23.30.33:477][  0]LogPackFactory: Copied "../../../Samples/MobileStarterContent/Content/MobileStarterContent/Props/Materials/M_MaterialSphere_Plain.uasset" to "../../../../../../Users/Dalton/Documents/GitHub/InfiniteRunner/Content/MobileStarterContent/Props/Materials/M_MaterialSphere_Plain.uasset"
[2016.06.23-23.30.33:496][  0]LogPackFactory: Copied "../../../Samples/MobileStarterContent/Content/MobileStarterContent/Props/Materials/M_Rock.uasset" to "../../../../../../Users/Dalton/Documents/GitHub/InfiniteRunner/Content/MobileStarterContent/Props/Materials/M_Rock.uasset"
[2016.06.23-23.30.33:505][  0]LogPackFactory: Copied "../../../Samples/MobileStarterContent/Content/MobileStarterContent/Props/Materials/M_Shelf.uasset" to "../../../../../../Users/Dalton/Documents/GitHub/InfiniteRunner/Content/MobileStarterContent/Props/Materials/M_Shelf.uasset"
[2016.06.23-23.30.33:512][  0]LogPackFactory: Copied "../../../Samples/MobileStarterContent/Content/MobileStarterContent/Props/Materials/M_Statue.uasset" to "../../../../../../Users/Dalton/Documents/GitHub/InfiniteRunner/Content/MobileStarterContent/Props/Materials/M_Statue.uasset"
[2016.06.23-23.30.33:520][  0]LogPackFactory: Copied "../../../Samples/MobileStarterContent/Content/MobileStarterContent/Props/Materials/M_StatueGlass.uasset" to "../../../../../../Users/Dalton/Documents/GitHub/InfiniteRunner/Content/MobileStarterContent/Props/Materials/M_StatueGlass.uasset"
[2016.06.23-23.30.33:536][  0]LogPackFactory: Copied "../../../Samples/MobileStarterContent/Content/MobileStarterContent/Props/Materials/M_TableRound.uasset" to "../../../../../../Users/Dalton/Documents/GitHub/InfiniteRunner/Content/MobileStarterContent/Props/Materials/M_TableRound.uasset"
[2016.06.23-23.30.33:544][  0]LogPackFactory: Copied "../../../Samples/MobileStarterContent/Content/MobileStarterContent/Shapes/Shape_Cone.uasset" to "../../../../../../Users/Dalton/Documents/GitHub/InfiniteRunner/Content/MobileStarterContent/Shapes/Shape_Cone.uasset"
[2016.06.23-23.30.33:556][  0]LogPackFactory: Copied "../../../Samples/MobileStarterContent/Content/MobileStarterContent/Shapes/Shape_Cube.uasset" to "../../../../../../Users/Dalton/Documents/GitHub/InfiniteRunner/Content/MobileStarterContent/Shapes/Shape_Cube.uasset"
[2016.06.23-23.30.33:563][  0]LogPackFactory: Copied "../../../Samples/MobileStarterContent/Content/MobileStarterContent/Shapes/Shape_Cylinder.uasset" to "../../../../../../Users/Dalton/Documents/GitHub/InfiniteRunner/Content/MobileStarterContent/Shapes/Shape_Cylinder.uasset"
[2016.06.23-23.30.33:571][  0]LogPackFactory: Copied "../../../Samples/MobileStarterContent/Content/MobileStarterContent/Shapes/Shape_NarrowCapsule.uasset" to "../../../../../../Users/Dalton/Documents/GitHub/InfiniteRunner/Content/MobileStarterContent/Shapes/Shape_NarrowCapsule.uasset"
[2016.06.23-23.30.33:578][  0]LogPackFactory: Copied "../../../Samples/MobileStarterContent/Content/MobileStarterContent/Shapes/Shape_Pipe.uasset" to "../../../../../../Users/Dalton/Documents/GitHub/InfiniteRunner/Content/MobileStarterContent/Shapes/Shape_Pipe.uasset"
[2016.06.23-23.30.33:585][  0]LogPackFactory: Copied "../../../Samples/MobileStarterContent/Content/MobileStarterContent/Shapes/Shape_Pipe_180.uasset" to "../../../../../../Users/Dalton/Documents/GitHub/InfiniteRunner/Content/MobileStarterContent/Shapes/Shape_Pipe_180.uasset"
[2016.06.23-23.30.33:596][  0]LogPackFactory: Copied "../../../Samples/MobileStarterContent/Content/MobileStarterContent/Shapes/Shape_Pipe_90.uasset" to "../../../../../../Users/Dalton/Documents/GitHub/InfiniteRunner/Content/MobileStarterContent/Shapes/Shape_Pipe_90.uasset"
[2016.06.23-23.30.33:610][  0]LogPackFactory: Copied "../../../Samples/MobileStarterContent/Content/MobileStarterContent/Shapes/Shape_Plane.uasset" to "../../../../../../Users/Dalton/Documents/GitHub/InfiniteRunner/Content/MobileStarterContent/Shapes/Shape_Plane.uasset"
[2016.06.23-23.30.33:617][  0]LogPackFactory: Copied "../../../Samples/MobileStarterContent/Content/MobileStarterContent/Shapes/Shape_QuadPyramid.uasset" to "../../../../../../Users/Dalton/Documents/GitHub/InfiniteRunner/Content/MobileStarterContent/Shapes/Shape_QuadPyramid.uasset"
[2016.06.23-23.30.33:624][  0]LogPackFactory: Copied "../../../Samples/MobileStarterContent/Content/MobileStarterContent/Shapes/Shape_Sphere.uasset" to "../../../../../../Users/Dalton/Documents/GitHub/InfiniteRunner/Content/MobileStarterContent/Shapes/Shape_Sphere.uasset"
[2016.06.23-23.30.33:643][  0]LogPackFactory: Copied "../../../Samples/MobileStarterContent/Content/MobileStarterContent/Shapes/Shape_Torus.uasset" to "../../../../../../Users/Dalton/Documents/GitHub/InfiniteRunner/Content/MobileStarterContent/Shapes/Shape_Torus.uasset"
[2016.06.23-23.30.33:649][  0]LogPackFactory: Copied "../../../Samples/MobileStarterContent/Content/MobileStarterContent/Shapes/Shape_Trim.uasset" to "../../../../../../Users/Dalton/Documents/GitHub/InfiniteRunner/Content/MobileStarterContent/Shapes/Shape_Trim.uasset"
[2016.06.23-23.30.33:656][  0]LogPackFactory: Copied "../../../Samples/MobileStarterContent/Content/MobileStarterContent/Shapes/Shape_Trim_90_In.uasset" to "../../../../../../Users/Dalton/Documents/GitHub/InfiniteRunner/Content/MobileStarterContent/Shapes/Shape_Trim_90_In.uasset"
[2016.06.23-23.30.33:671][  0]LogPackFactory: Copied "../../../Samples/MobileStarterContent/Content/MobileStarterContent/Shapes/Shape_Trim_90_Out.uasset" to "../../../../../../Users/Dalton/Documents/GitHub/InfiniteRunner/Content/MobileStarterContent/Shapes/Shape_Trim_90_Out.uasset"
[2016.06.23-23.30.33:691][  0]LogPackFactory: Copied "../../../Samples/MobileStarterContent/Content/MobileStarterContent/Shapes/Shape_TriPyramid.uasset" to "../../../../../../Users/Dalton/Documents/GitHub/InfiniteRunner/Content/MobileStarterContent/Shapes/Shape_TriPyramid.uasset"
[2016.06.23-23.30.33:699][  0]LogPackFactory: Copied "../../../Samples/MobileStarterContent/Content/MobileStarterContent/Shapes/Shape_Tube.uasset" to "../../../../../../Users/Dalton/Documents/GitHub/InfiniteRunner/Content/MobileStarterContent/Shapes/Shape_Tube.uasset"
[2016.06.23-23.30.33:721][  0]LogPackFactory: Copied "../../../Samples/MobileStarterContent/Content/MobileStarterContent/Shapes/Shape_Wedge_A.uasset" to "../../../../../../Users/Dalton/Documents/GitHub/InfiniteRunner/Content/MobileStarterContent/Shapes/Shape_Wedge_A.uasset"
[2016.06.23-23.30.33:747][  0]LogPackFactory: Copied "../../../Samples/MobileStarterContent/Content/MobileStarterContent/Shapes/Shape_Wedge_B.uasset" to "../../../../../../Users/Dalton/Documents/GitHub/InfiniteRunner/Content/MobileStarterContent/Shapes/Shape_Wedge_B.uasset"
[2016.06.23-23.30.33:769][  0]LogPackFactory: Copied "../../../Samples/MobileStarterContent/Content/MobileStarterContent/Shapes/Shape_WideCapsule.uasset" to "../../../../../../Users/Dalton/Documents/GitHub/InfiniteRunner/Content/MobileStarterContent/Shapes/Shape_WideCapsule.uasset"
[2016.06.23-23.30.33:955][  0]LogPackFactory: Copied "../../../Samples/MobileStarterContent/Content/MobileStarterContent/Textures/T_Brick_Clay_Beveled_D.uasset" to "../../../../../../Users/Dalton/Documents/GitHub/InfiniteRunner/Content/MobileStarterContent/Textures/T_Brick_Clay_Beveled_D.uasset"
[2016.06.23-23.30.34:459][  0]LogPackFactory: Copied "../../../Samples/MobileStarterContent/Content/MobileStarterContent/Textures/T_Brick_Clay_Beveled_M.uasset" to "../../../../../../Users/Dalton/Documents/GitHub/InfiniteRunner/Content/MobileStarterContent/Textures/T_Brick_Clay_Beveled_M.uasset"
[2016.06.23-23.30.34:609][  0]LogPackFactory: Copied "../../../Samples/MobileStarterContent/Content/MobileStarterContent/Textures/T_Brick_Clay_Beveled_N.uasset" to "../../../../../../Users/Dalton/Documents/GitHub/InfiniteRunner/Content/MobileStarterContent/Textures/T_Brick_Clay_Beveled_N.uasset"
[2016.06.23-23.30.34:684][  0]LogPackFactory: Copied "../../../Samples/MobileStarterContent/Content/MobileStarterContent/Textures/T_Brick_Clay_New_D.uasset" to "../../../../../../Users/Dalton/Documents/GitHub/InfiniteRunner/Content/MobileStarterContent/Textures/T_Brick_Clay_New_D.uasset"
[2016.06.23-23.30.34:727][  0]LogPackFactory: Copied "../../../Samples/MobileStarterContent/Content/MobileStarterContent/Textures/T_Brick_Clay_New_M.uasset" to "../../../../../../Users/Dalton/Documents/GitHub/InfiniteRunner/Content/MobileStarterContent/Textures/T_Brick_Clay_New_M.uasset"
[2016.06.23-23.30.34:781][  0]LogPackFactory: Copied "../../../Samples/MobileStarterContent/Content/MobileStarterContent/Textures/T_Brick_Clay_New_N.uasset" to "../../../../../../Users/Dalton/Documents/GitHub/InfiniteRunner/Content/MobileStarterContent/Textures/T_Brick_Clay_New_N.uasset"
[2016.06.23-23.30.34:837][  0]LogPackFactory: Copied "../../../Samples/MobileStarterContent/Content/MobileStarterContent/Textures/T_Brick_Clay_Old_D.uasset" to "../../../../../../Users/Dalton/Documents/GitHub/InfiniteRunner/Content/MobileStarterContent/Textures/T_Brick_Clay_Old_D.uasset"
[2016.06.23-23.30.34:878][  0]LogPackFactory: Copied "../../../Samples/MobileStarterContent/Content/MobileStarterContent/Textures/T_Brick_Clay_Old_N.uasset" to "../../../../../../Users/Dalton/Documents/GitHub/InfiniteRunner/Content/MobileStarterContent/Textures/T_Brick_Clay_Old_N.uasset"
[2016.06.23-23.30.34:929][  0]LogPackFactory: Copied "../../../Samples/MobileStarterContent/Content/MobileStarterContent/Textures/T_Brick_Cut_Stone_D.uasset" to "../../../../../../Users/Dalton/Documents/GitHub/InfiniteRunner/Content/MobileStarterContent/Textures/T_Brick_Cut_Stone_D.uasset"
[2016.06.23-23.30.34:972][  0]LogPackFactory: Copied "../../../Samples/MobileStarterContent/Content/MobileStarterContent/Textures/T_Brick_Cut_Stone_N.uasset" to "../../../../../../Users/Dalton/Documents/GitHub/InfiniteRunner/Content/MobileStarterContent/Textures/T_Brick_Cut_Stone_N.uasset"
[2016.06.23-23.30.35:016][  0]LogPackFactory: Copied "../../../Samples/MobileStarterContent/Content/MobileStarterContent/Textures/T_Brick_Hewn_Stone_D.uasset" to "../../../../../../Users/Dalton/Documents/GitHub/InfiniteRunner/Content/MobileStarterContent/Textures/T_Brick_Hewn_Stone_D.uasset"
[2016.06.23-23.30.35:067][  0]LogPackFactory: Copied "../../../Samples/MobileStarterContent/Content/MobileStarterContent/Textures/T_Brick_Hewn_Stone_M.uasset" to "../../../../../../Users/Dalton/Documents/GitHub/InfiniteRunner/Content/MobileStarterContent/Textures/T_Brick_Hewn_Stone_M.uasset"
[2016.06.23-23.30.35:103][  0]LogPackFactory: Copied "../../../Samples/MobileStarterContent/Content/MobileStarterContent/Textures/T_Brick_Hewn_Stone_N.uasset" to "../../../../../../Users/Dalton/Documents/GitHub/InfiniteRunner/Content/MobileStarterContent/Textures/T_Brick_Hewn_Stone_N.uasset"
[2016.06.23-23.30.35:128][  0]LogPackFactory: Copied "../../../Samples/MobileStarterContent/Content/MobileStarterContent/Textures/T_Burst_M.uasset" to "../../../../../../Users/Dalton/Documents/GitHub/InfiniteRunner/Content/MobileStarterContent/Textures/T_Burst_M.uasset"
[2016.06.23-23.30.35:136][  0]LogPackFactory: Copied "../../../Samples/MobileStarterContent/Content/MobileStarterContent/Textures/T_Bush_D.uasset" to "../../../../../../Users/Dalton/Documents/GitHub/InfiniteRunner/Content/MobileStarterContent/Textures/T_Bush_D.uasset"
[2016.06.23-23.30.35:157][  0]LogPackFactory: Copied "../../../Samples/MobileStarterContent/Content/MobileStarterContent/Textures/T_Bush_N.uasset" to "../../../../../../Users/Dalton/Documents/GitHub/InfiniteRunner/Content/MobileStarterContent/Textures/T_Bush_N.uasset"
[2016.06.23-23.30.35:204][  0]LogPackFactory: Copied "../../../Samples/MobileStarterContent/Content/MobileStarterContent/Textures/T_Ceramic_Tile_M.uasset" to "../../../../../../Users/Dalton/Documents/GitHub/InfiniteRunner/Content/MobileStarterContent/Textures/T_Ceramic_Tile_M.uasset"
[2016.06.23-23.30.35:211][  0]LogPackFactory: Copied "../../../Samples/MobileStarterContent/Content/MobileStarterContent/Textures/T_Ceramic_Tile_N.uasset" to "../../../../../../Users/Dalton/Documents/GitHub/InfiniteRunner/Content/MobileStarterContent/Textures/T_Ceramic_Tile_N.uasset"
[2016.06.23-23.30.35:233][  0]LogPackFactory: Copied "../../../Samples/MobileStarterContent/Content/MobileStarterContent/Textures/T_Chair_M.uasset" to "../../../../../../Users/Dalton/Documents/GitHub/InfiniteRunner/Content/MobileStarterContent/Textures/T_Chair_M.uasset"
[2016.06.23-23.30.35:249][  0]LogPackFactory: Copied "../../../Samples/MobileStarterContent/Content/MobileStarterContent/Textures/T_Chair_N.uasset" to "../../../../../../Users/Dalton/Documents/GitHub/InfiniteRunner/Content/MobileStarterContent/Textures/T_Chair_N.uasset"
[2016.06.23-23.30.35:268][  0]LogPackFactory: Copied "../../../Samples/MobileStarterContent/Content/MobileStarterContent/Textures/T_Checker_Noise_M.uasset" to "../../../../../../Users/Dalton/Documents/GitHub/InfiniteRunner/Content/MobileStarterContent/Textures/T_Checker_Noise_M.uasset"
[2016.06.23-23.30.35:319][  0]LogPackFactory: Copied "../../../Samples/MobileStarterContent/Content/MobileStarterContent/Textures/T_CobbleStone_Pebble_D.uasset" to "../../../../../../Users/Dalton/Documents/GitHub/InfiniteRunner/Content/MobileStarterContent/Textures/T_CobbleStone_Pebble_D.uasset"
[2016.06.23-23.30.35:344][  0]LogPackFactory: Copied "../../../Samples/MobileStarterContent/Content/MobileStarterContent/Textures/T_CobbleStone_Pebble_M.uasset" to "../../../../../../Users/Dalton/Documents/GitHub/InfiniteRunner/Content/MobileStarterContent/Textures/T_CobbleStone_Pebble_M.uasset"
[2016.06.23-23.30.35:399][  0]LogPackFactory: Copied "../../../Samples/MobileStarterContent/Content/MobileStarterContent/Textures/T_CobbleStone_Pebble_N.uasset" to "../../../../../../Users/Dalton/Documents/GitHub/InfiniteRunner/Content/MobileStarterContent/Textures/T_CobbleStone_Pebble_N.uasset"
[2016.06.23-23.30.35:452][  0]LogPackFactory: Copied "../../../Samples/MobileStarterContent/Content/MobileStarterContent/Textures/T_CobbleStone_Rough_D.uasset" to "../../../../../../Users/Dalton/Documents/GitHub/InfiniteRunner/Content/MobileStarterContent/Textures/T_CobbleStone_Rough_D.uasset"
[2016.06.23-23.30.35:467][  0]LogPackFactory: Copied "../../../Samples/MobileStarterContent/Content/MobileStarterContent/Textures/T_CobbleStone_Rough_N.uasset" to "../../../../../../Users/Dalton/Documents/GitHub/InfiniteRunner/Content/MobileStarterContent/Textures/T_CobbleStone_Rough_N.uasset"
[2016.06.23-23.30.35:521][  0]LogPackFactory: Copied "../../../Samples/MobileStarterContent/Content/MobileStarterContent/Textures/T_CobbleStone_Smooth_D.uasset" to "../../../../../../Users/Dalton/Documents/GitHub/InfiniteRunner/Content/MobileStarterContent/Textures/T_CobbleStone_Smooth_D.uasset"
[2016.06.23-23.30.35:557][  0]LogPackFactory: Copied "../../../Samples/MobileStarterContent/Content/MobileStarterContent/Textures/T_CobbleStone_Smooth_M.uasset" to "../../../../../../Users/Dalton/Documents/GitHub/InfiniteRunner/Content/MobileStarterContent/Textures/T_CobbleStone_Smooth_M.uasset"
[2016.06.23-23.30.35:602][  0]LogPackFactory: Copied "../../../Samples/MobileStarterContent/Content/MobileStarterContent/Textures/T_CobbleStone_Smooth_N.uasset" to "../../../../../../Users/Dalton/Documents/GitHub/InfiniteRunner/Content/MobileStarterContent/Textures/T_CobbleStone_Smooth_N.uasset"
[2016.06.23-23.30.35:659][  0]LogPackFactory: Copied "../../../Samples/MobileStarterContent/Content/MobileStarterContent/Textures/T_Concrete_Grime_D.uasset" to "../../../../../../Users/Dalton/Documents/GitHub/InfiniteRunner/Content/MobileStarterContent/Textures/T_Concrete_Grime_D.uasset"
[2016.06.23-23.30.35:705][  0]LogPackFactory: Copied "../../../Samples/MobileStarterContent/Content/MobileStarterContent/Textures/T_Concrete_Panels_D.uasset" to "../../../../../../Users/Dalton/Documents/GitHub/InfiniteRunner/Content/MobileStarterContent/Textures/T_Concrete_Panels_D.uasset"
[2016.06.23-23.30.35:767][  0]LogPackFactory: Copied "../../../Samples/MobileStarterContent/Content/MobileStarterContent/Textures/T_Concrete_Panels_N.uasset" to "../../../../../../Users/Dalton/Documents/GitHub/InfiniteRunner/Content/MobileStarterContent/Textures/T_Concrete_Panels_N.uasset"
[2016.06.23-23.30.35:811][  0]LogPackFactory: Copied "../../../Samples/MobileStarterContent/Content/MobileStarterContent/Textures/T_Concrete_Poured_D.uasset" to "../../../../../../Users/Dalton/Documents/GitHub/InfiniteRunner/Content/MobileStarterContent/Textures/T_Concrete_Poured_D.uasset"
[2016.06.23-23.30.35:985][  0]LogPackFactory: Copied "../../../Samples/MobileStarterContent/Content/MobileStarterContent/Textures/T_Concrete_Poured_N.uasset" to "../../../../../../Users/Dalton/Documents/GitHub/InfiniteRunner/Content/MobileStarterContent/Textures/T_Concrete_Poured_N.uasset"
[2016.06.23-23.30.36:027][  0]LogPackFactory: Copied "../../../Samples/MobileStarterContent/Content/MobileStarterContent/Textures/T_Concrete_Tiles_D.uasset" to "../../../../../../Users/Dalton/Documents/GitHub/InfiniteRunner/Content/MobileStarterContent/Textures/T_Concrete_Tiles_D.uasset"
[2016.06.23-23.30.36:071][  0]LogPackFactory: Copied "../../../Samples/MobileStarterContent/Content/MobileStarterContent/Textures/T_Concrete_Tiles_M.uasset" to "../../../../../../Users/Dalton/Documents/GitHub/InfiniteRunner/Content/MobileStarterContent/Textures/T_Concrete_Tiles_M.uasset"
[2016.06.23-23.30.36:108][  0]LogPackFactory: Copied "../../../Samples/MobileStarterContent/Content/MobileStarterContent/Textures/T_Concrete_Tiles_N.uasset" to "../../../../../../Users/Dalton/Documents/GitHub/InfiniteRunner/Content/MobileStarterContent/Textures/T_Concrete_Tiles_N.uasset"
[2016.06.23-23.30.36:128][  0]LogPackFactory: Copied "../../../Samples/MobileStarterContent/Content/MobileStarterContent/Textures/T_Concrete_Tiles_Variation_M.uasset" to "../../../../../../Users/Dalton/Documents/GitHub/InfiniteRunner/Content/MobileStarterContent/Textures/T_Concrete_Tiles_Variation_M.uasset"
[2016.06.23-23.30.36:144][  0]LogPackFactory: Copied "../../../Samples/MobileStarterContent/Content/MobileStarterContent/Textures/T_Detail_Rocky_N.uasset" to "../../../../../../Users/Dalton/Documents/GitHub/InfiniteRunner/Content/MobileStarterContent/Textures/T_Detail_Rocky_N.uasset"
[2016.06.23-23.30.36:157][  0]LogPackFactory: Copied "../../../Samples/MobileStarterContent/Content/MobileStarterContent/Textures/T_Door_M.uasset" to "../../../../../../Users/Dalton/Documents/GitHub/InfiniteRunner/Content/MobileStarterContent/Textures/T_Door_M.uasset"
[2016.06.23-23.30.36:164][  0]LogPackFactory: Copied "../../../Samples/MobileStarterContent/Content/MobileStarterContent/Textures/T_Door_N.uasset" to "../../../../../../Users/Dalton/Documents/GitHub/InfiniteRunner/Content/MobileStarterContent/Textures/T_Door_N.uasset"
[2016.06.23-23.30.36:183][  0]LogPackFactory: Copied "../../../Samples/MobileStarterContent/Content/MobileStarterContent/Textures/T_Dust_Particle_D.uasset" to "../../../../../../Users/Dalton/Documents/GitHub/InfiniteRunner/Content/MobileStarterContent/Textures/T_Dust_Particle_D.uasset"
[2016.06.23-23.30.36:211][  0]LogPackFactory: Copied "../../../Samples/MobileStarterContent/Content/MobileStarterContent/Textures/T_Explosion_SubUV.uasset" to "../../../../../../Users/Dalton/Documents/GitHub/InfiniteRunner/Content/MobileStarterContent/Textures/T_Explosion_SubUV.uasset"
[2016.06.23-23.30.36:219][  0]LogPackFactory: Copied "../../../Samples/MobileStarterContent/Content/MobileStarterContent/Textures/T_Fire_SubUV.uasset" to "../../../../../../Users/Dalton/Documents/GitHub/InfiniteRunner/Content/MobileStarterContent/Textures/T_Fire_SubUV.uasset"
[2016.06.23-23.30.36:248][  0]LogPackFactory: Copied "../../../Samples/MobileStarterContent/Content/MobileStarterContent/Textures/T_Fire_Tiled_D.uasset" to "../../../../../../Users/Dalton/Documents/GitHub/InfiniteRunner/Content/MobileStarterContent/Textures/T_Fire_Tiled_D.uasset"
[2016.06.23-23.30.36:255][  0]LogPackFactory: Copied "../../../Samples/MobileStarterContent/Content/MobileStarterContent/Textures/T_Frame_M.uasset" to "../../../../../../Users/Dalton/Documents/GitHub/InfiniteRunner/Content/MobileStarterContent/Textures/T_Frame_M.uasset"
[2016.06.23-23.30.36:262][  0]LogPackFactory: Copied "../../../Samples/MobileStarterContent/Content/MobileStarterContent/Textures/T_Frame_N.uasset" to "../../../../../../Users/Dalton/Documents/GitHub/InfiniteRunner/Content/MobileStarterContent/Textures/T_Frame_N.uasset"
[2016.06.23-23.30.36:279][  0]LogPackFactory: Copied "../../../Samples/MobileStarterContent/Content/MobileStarterContent/Textures/T_Gradinet_01.uasset" to "../../../../../../Users/Dalton/Documents/GitHub/InfiniteRunner/Content/MobileStarterContent/Textures/T_Gradinet_01.uasset"
[2016.06.23-23.30.36:321][  0]LogPackFactory: Copied "../../../Samples/MobileStarterContent/Content/MobileStarterContent/Textures/T_Ground_Grass_D.uasset" to "../../../../../../Users/Dalton/Documents/GitHub/InfiniteRunner/Content/MobileStarterContent/Textures/T_Ground_Grass_D.uasset"
[2016.06.23-23.30.36:369][  0]LogPackFactory: Copied "../../../Samples/MobileStarterContent/Content/MobileStarterContent/Textures/T_Ground_Grass_N.uasset" to "../../../../../../Users/Dalton/Documents/GitHub/InfiniteRunner/Content/MobileStarterContent/Textures/T_Ground_Grass_N.uasset"
[2016.06.23-23.30.36:418][  0]LogPackFactory: Copied "../../../Samples/MobileStarterContent/Content/MobileStarterContent/Textures/T_Ground_Gravel_D.uasset" to "../../../../../../Users/Dalton/Documents/GitHub/InfiniteRunner/Content/MobileStarterContent/Textures/T_Ground_Gravel_D.uasset"
[2016.06.23-23.30.36:447][  0]LogPackFactory: Copied "../../../Samples/MobileStarterContent/Content/MobileStarterContent/Textures/T_Ground_Gravel_N.uasset" to "../../../../../../Users/Dalton/Documents/GitHub/InfiniteRunner/Content/MobileStarterContent/Textures/T_Ground_Gravel_N.uasset"
[2016.06.23-23.30.36:498][  0]LogPackFactory: Copied "../../../Samples/MobileStarterContent/Content/MobileStarterContent/Textures/T_ground_Moss_D.uasset" to "../../../../../../Users/Dalton/Documents/GitHub/InfiniteRunner/Content/MobileStarterContent/Textures/T_ground_Moss_D.uasset"
[2016.06.23-23.30.36:545][  0]LogPackFactory: Copied "../../../Samples/MobileStarterContent/Content/MobileStarterContent/Textures/T_Ground_Moss_N.uasset" to "../../../../../../Users/Dalton/Documents/GitHub/InfiniteRunner/Content/MobileStarterContent/Textures/T_Ground_Moss_N.uasset"
[2016.06.23-23.30.36:565][  0]LogPackFactory: Copied "../../../Samples/MobileStarterContent/Content/MobileStarterContent/Textures/T_Lamp_M.uasset" to "../../../../../../Users/Dalton/Documents/GitHub/InfiniteRunner/Content/MobileStarterContent/Textures/T_Lamp_M.uasset"
[2016.06.23-23.30.36:628][  0]LogPackFactory: Copied "../../../Samples/MobileStarterContent/Content/MobileStarterContent/Textures/T_Lamp_N.uasset" to "../../../../../../Users/Dalton/Documents/GitHub/InfiniteRunner/Content/MobileStarterContent/Textures/T_Lamp_N.uasset"
[2016.06.23-23.30.36:667][  0]LogPackFactory: Copied "../../../Samples/MobileStarterContent/Content/MobileStarterContent/Textures/T_MacroVariation.uasset" to "../../../../../../Users/Dalton/Documents/GitHub/InfiniteRunner/Content/MobileStarterContent/Textures/T_MacroVariation.uasset"
[2016.06.23-23.30.36:748][  0]LogPackFactory: Copied "../../../Samples/MobileStarterContent/Content/MobileStarterContent/Textures/T_Metal_Aluminum_D.uasset" to "../../../../../../Users/Dalton/Documents/GitHub/InfiniteRunner/Content/MobileStarterContent/Textures/T_Metal_Aluminum_D.uasset"
[2016.06.23-23.30.36:806][  0]LogPackFactory: Copied "../../../Samples/MobileStarterContent/Content/MobileStarterContent/Textures/T_Metal_Copper_D.uasset" to "../../../../../../Users/Dalton/Documents/GitHub/InfiniteRunner/Content/MobileStarterContent/Textures/T_Metal_Copper_D.uasset"
[2016.06.23-23.30.36:859][  0]LogPackFactory: Copied "../../../Samples/MobileStarterContent/Content/MobileStarterContent/Textures/T_Metal_Gold_D.uasset" to "../../../../../../Users/Dalton/Documents/GitHub/InfiniteRunner/Content/MobileStarterContent/Textures/T_Metal_Gold_D.uasset"
[2016.06.23-23.30.36:883][  0]LogPackFactory: Copied "../../../Samples/MobileStarterContent/Content/MobileStarterContent/Textures/T_Metal_Gold_N.uasset" to "../../../../../../Users/Dalton/Documents/GitHub/InfiniteRunner/Content/MobileStarterContent/Textures/T_Metal_Gold_N.uasset"
[2016.06.23-23.30.36:955][  0]LogPackFactory: Copied "../../../Samples/MobileStarterContent/Content/MobileStarterContent/Textures/T_Metal_Rust_D.uasset" to "../../../../../../Users/Dalton/Documents/GitHub/InfiniteRunner/Content/MobileStarterContent/Textures/T_Metal_Rust_D.uasset"
[2016.06.23-23.30.37:029][  0]LogPackFactory: Copied "../../../Samples/MobileStarterContent/Content/MobileStarterContent/Textures/T_Metal_Rust_N.uasset" to "../../../../../../Users/Dalton/Documents/GitHub/InfiniteRunner/Content/MobileStarterContent/Textures/T_Metal_Rust_N.uasset"
[2016.06.23-23.30.37:090][  0]LogPackFactory: Copied "../../../Samples/MobileStarterContent/Content/MobileStarterContent/Textures/T_Metal_Steel_D.uasset" to "../../../../../../Users/Dalton/Documents/GitHub/InfiniteRunner/Content/MobileStarterContent/Textures/T_Metal_Steel_D.uasset"
[2016.06.23-23.30.37:148][  0]LogPackFactory: Copied "../../../Samples/MobileStarterContent/Content/MobileStarterContent/Textures/T_Metal_Steel_N.uasset" to "../../../../../../Users/Dalton/Documents/GitHub/InfiniteRunner/Content/MobileStarterContent/Textures/T_Metal_Steel_N.uasset"
[2016.06.23-23.30.37:580][  0]LogPackFactory: Copied "../../../Samples/MobileStarterContent/Content/MobileStarterContent/Textures/T_Perlin_Noise_M.uasset" to "../../../../../../Users/Dalton/Documents/GitHub/InfiniteRunner/Content/MobileStarterContent/Textures/T_Perlin_Noise_M.uasset"
[2016.06.23-23.30.37:667][  0]LogPackFactory: Copied "../../../Samples/MobileStarterContent/Content/MobileStarterContent/Textures/T_RockMesh_M.uasset" to "../../../../../../Users/Dalton/Documents/GitHub/InfiniteRunner/Content/MobileStarterContent/Textures/T_RockMesh_M.uasset"
[2016.06.23-23.30.37:798][  0]LogPackFactory: Copied "../../../Samples/MobileStarterContent/Content/MobileStarterContent/Textures/T_RockMesh_N.uasset" to "../../../../../../Users/Dalton/Documents/GitHub/InfiniteRunner/Content/MobileStarterContent/Textures/T_RockMesh_N.uasset"
[2016.06.23-23.30.37:915][  0]LogPackFactory: Copied "../../../Samples/MobileStarterContent/Content/MobileStarterContent/Textures/T_Rock_Basalt_D.uasset" to "../../../../../../Users/Dalton/Documents/GitHub/InfiniteRunner/Content/MobileStarterContent/Textures/T_Rock_Basalt_D.uasset"
[2016.06.23-23.30.37:992][  0]LogPackFactory: Copied "../../../Samples/MobileStarterContent/Content/MobileStarterContent/Textures/T_Rock_Basalt_N.uasset" to "../../../../../../Users/Dalton/Documents/GitHub/InfiniteRunner/Content/MobileStarterContent/Textures/T_Rock_Basalt_N.uasset"
[2016.06.23-23.30.38:044][  0]LogPackFactory: Copied "../../../Samples/MobileStarterContent/Content/MobileStarterContent/Textures/T_Rock_Marble_Polished_D.uasset" to "../../../../../../Users/Dalton/Documents/GitHub/InfiniteRunner/Content/MobileStarterContent/Textures/T_Rock_Marble_Polished_D.uasset"
[2016.06.23-23.30.38:111][  0]LogPackFactory: Copied "../../../Samples/MobileStarterContent/Content/MobileStarterContent/Textures/T_Rock_Sandstone_D.uasset" to "../../../../../../Users/Dalton/Documents/GitHub/InfiniteRunner/Content/MobileStarterContent/Textures/T_Rock_Sandstone_D.uasset"
[2016.06.23-23.30.38:179][  0]LogPackFactory: Copied "../../../Samples/MobileStarterContent/Content/MobileStarterContent/Textures/T_Rock_Sandstone_N.uasset" to "../../../../../../Users/Dalton/Documents/GitHub/InfiniteRunner/Content/MobileStarterContent/Textures/T_Rock_Sandstone_N.uasset"
[2016.06.23-23.30.38:254][  0]LogPackFactory: Copied "../../../Samples/MobileStarterContent/Content/MobileStarterContent/Textures/T_Rock_Slate_D.uasset" to "../../../../../../Users/Dalton/Documents/GitHub/InfiniteRunner/Content/MobileStarterContent/Textures/T_Rock_Slate_D.uasset"
[2016.06.23-23.30.38:299][  0]LogPackFactory: Copied "../../../Samples/MobileStarterContent/Content/MobileStarterContent/Textures/T_Rock_Slate_N.uasset" to "../../../../../../Users/Dalton/Documents/GitHub/InfiniteRunner/Content/MobileStarterContent/Textures/T_Rock_Slate_N.uasset"
[2016.06.23-23.30.38:388][  0]LogPackFactory: Copied "../../../Samples/MobileStarterContent/Content/MobileStarterContent/Textures/T_Rock_Smooth_Granite_D.uasset" to "../../../../../../Users/Dalton/Documents/GitHub/InfiniteRunner/Content/MobileStarterContent/Textures/T_Rock_Smooth_Granite_D.uasset"
[2016.06.23-23.30.38:404][  0]LogPackFactory: Copied "../../../Samples/MobileStarterContent/Content/MobileStarterContent/Textures/T_Shelf_M.uasset" to "../../../../../../Users/Dalton/Documents/GitHub/InfiniteRunner/Content/MobileStarterContent/Textures/T_Shelf_M.uasset"
[2016.06.23-23.30.38:434][  0]LogPackFactory: Copied "../../../Samples/MobileStarterContent/Content/MobileStarterContent/Textures/T_Shelf_N.uasset" to "../../../../../../Users/Dalton/Documents/GitHub/InfiniteRunner/Content/MobileStarterContent/Textures/T_Shelf_N.uasset"
[2016.06.23-23.30.38:462][  0]LogPackFactory: Copied "../../../Samples/MobileStarterContent/Content/MobileStarterContent/Textures/T_Single_Tile_N.uasset" to "../../../../../../Users/Dalton/Documents/GitHub/InfiniteRunner/Content/MobileStarterContent/Textures/T_Single_Tile_N.uasset"
[2016.06.23-23.30.38:507][  0]LogPackFactory: Copied "../../../Samples/MobileStarterContent/Content/MobileStarterContent/Textures/T_Smoke_SubUV.uasset" to "../../../../../../Users/Dalton/Documents/GitHub/InfiniteRunner/Content/MobileStarterContent/Textures/T_Smoke_SubUV.uasset"
[2016.06.23-23.30.38:525][  0]LogPackFactory: Copied "../../../Samples/MobileStarterContent/Content/MobileStarterContent/Textures/T_Smoke_Tiled_D.uasset" to "../../../../../../Users/Dalton/Documents/GitHub/InfiniteRunner/Content/MobileStarterContent/Textures/T_Smoke_Tiled_D.uasset"
[2016.06.23-23.30.38:678][  0]LogPackFactory: Copied "../../../Samples/MobileStarterContent/Content/MobileStarterContent/Textures/T_Spark_Core.uasset" to "../../../../../../Users/Dalton/Documents/GitHub/InfiniteRunner/Content/MobileStarterContent/Textures/T_Spark_Core.uasset"
[2016.06.23-23.30.38:713][  0]LogPackFactory: Copied "../../../Samples/MobileStarterContent/Content/MobileStarterContent/Textures/T_Statue_M.uasset" to "../../../../../../Users/Dalton/Documents/GitHub/InfiniteRunner/Content/MobileStarterContent/Textures/T_Statue_M.uasset"
[2016.06.23-23.30.38:760][  0]LogPackFactory: Copied "../../../Samples/MobileStarterContent/Content/MobileStarterContent/Textures/T_Statue_N.uasset" to "../../../../../../Users/Dalton/Documents/GitHub/InfiniteRunner/Content/MobileStarterContent/Textures/T_Statue_N.uasset"
[2016.06.23-23.30.38:786][  0]LogPackFactory: Copied "../../../Samples/MobileStarterContent/Content/MobileStarterContent/Textures/T_TableRound_M.uasset" to "../../../../../../Users/Dalton/Documents/GitHub/InfiniteRunner/Content/MobileStarterContent/Textures/T_TableRound_M.uasset"
[2016.06.23-23.30.38:856][  0]LogPackFactory: Copied "../../../Samples/MobileStarterContent/Content/MobileStarterContent/Textures/T_TableRound_N.uasset" to "../../../../../../Users/Dalton/Documents/GitHub/InfiniteRunner/Content/MobileStarterContent/Textures/T_TableRound_N.uasset"
[2016.06.23-23.30.38:887][  0]LogPackFactory: Copied "../../../Samples/MobileStarterContent/Content/MobileStarterContent/Textures/T_Tech_Dot_M.uasset" to "../../../../../../Users/Dalton/Documents/GitHub/InfiniteRunner/Content/MobileStarterContent/Textures/T_Tech_Dot_M.uasset"
[2016.06.23-23.30.38:894][  0]LogPackFactory: Copied "../../../Samples/MobileStarterContent/Content/MobileStarterContent/Textures/T_Tech_Dot_N.uasset" to "../../../../../../Users/Dalton/Documents/GitHub/InfiniteRunner/Content/MobileStarterContent/Textures/T_Tech_Dot_N.uasset"
[2016.06.23-23.30.39:363][  0]LogPackFactory: Copied "../../../Samples/MobileStarterContent/Content/MobileStarterContent/Textures/T_Tech_Hex_Tile_M.uasset" to "../../../../../../Users/Dalton/Documents/GitHub/InfiniteRunner/Content/MobileStarterContent/Textures/T_Tech_Hex_Tile_M.uasset"
[2016.06.23-23.30.39:372][  0]LogPackFactory: Copied "../../../Samples/MobileStarterContent/Content/MobileStarterContent/Textures/T_Tech_Hex_Tile_N.uasset" to "../../../../../../Users/Dalton/Documents/GitHub/InfiniteRunner/Content/MobileStarterContent/Textures/T_Tech_Hex_Tile_N.uasset"
[2016.06.23-23.30.39:394][  0]LogPackFactory: Copied "../../../Samples/MobileStarterContent/Content/MobileStarterContent/Textures/T_Tech_Panel_M.uasset" to "../../../../../../Users/Dalton/Documents/GitHub/InfiniteRunner/Content/MobileStarterContent/Textures/T_Tech_Panel_M.uasset"
[2016.06.23-23.30.39:402][  0]LogPackFactory: Copied "../../../Samples/MobileStarterContent/Content/MobileStarterContent/Textures/T_Tech_Panel_N.uasset" to "../../../../../../Users/Dalton/Documents/GitHub/InfiniteRunner/Content/MobileStarterContent/Textures/T_Tech_Panel_N.uasset"
[2016.06.23-23.30.39:421][  0]LogPackFactory: Copied "../../../Samples/MobileStarterContent/Content/MobileStarterContent/Textures/T_Water_M.uasset" to "../../../../../../Users/Dalton/Documents/GitHub/InfiniteRunner/Content/MobileStarterContent/Textures/T_Water_M.uasset"
[2016.06.23-23.30.39:446][  0]LogPackFactory: Copied "../../../Samples/MobileStarterContent/Content/MobileStarterContent/Textures/T_Water_N.uasset" to "../../../../../../Users/Dalton/Documents/GitHub/InfiniteRunner/Content/MobileStarterContent/Textures/T_Water_N.uasset"
[2016.06.23-23.30.39:496][  0]LogPackFactory: Copied "../../../Samples/MobileStarterContent/Content/MobileStarterContent/Textures/T_Wood_Floor_Walnut_D.uasset" to "../../../../../../Users/Dalton/Documents/GitHub/InfiniteRunner/Content/MobileStarterContent/Textures/T_Wood_Floor_Walnut_D.uasset"
[2016.06.23-23.30.39:528][  0]LogPackFactory: Copied "../../../Samples/MobileStarterContent/Content/MobileStarterContent/Textures/T_Wood_Floor_Walnut_M.uasset" to "../../../../../../Users/Dalton/Documents/GitHub/InfiniteRunner/Content/MobileStarterContent/Textures/T_Wood_Floor_Walnut_M.uasset"
[2016.06.23-23.30.39:551][  0]LogPackFactory: Copied "../../../Samples/MobileStarterContent/Content/MobileStarterContent/Textures/T_Wood_Floor_Walnut_N.uasset" to "../../../../../../Users/Dalton/Documents/GitHub/InfiniteRunner/Content/MobileStarterContent/Textures/T_Wood_Floor_Walnut_N.uasset"
[2016.06.23-23.30.39:592][  0]LogPackFactory: Copied "../../../Samples/MobileStarterContent/Content/MobileStarterContent/Textures/T_Wood_Oak_D.uasset" to "../../../../../../Users/Dalton/Documents/GitHub/InfiniteRunner/Content/MobileStarterContent/Textures/T_Wood_Oak_D.uasset"
[2016.06.23-23.30.39:624][  0]LogPackFactory: Copied "../../../Samples/MobileStarterContent/Content/MobileStarterContent/Textures/T_Wood_Oak_N.uasset" to "../../../../../../Users/Dalton/Documents/GitHub/InfiniteRunner/Content/MobileStarterContent/Textures/T_Wood_Oak_N.uasset"
[2016.06.23-23.30.39:658][  0]LogPackFactory: Copied "../../../Samples/MobileStarterContent/Content/MobileStarterContent/Textures/T_Wood_Pine_D.uasset" to "../../../../../../Users/Dalton/Documents/GitHub/InfiniteRunner/Content/MobileStarterContent/Textures/T_Wood_Pine_D.uasset"
[2016.06.23-23.30.39:695][  0]LogPackFactory: Copied "../../../Samples/MobileStarterContent/Content/MobileStarterContent/Textures/T_Wood_Pine_N.uasset" to "../../../../../../Users/Dalton/Documents/GitHub/InfiniteRunner/Content/MobileStarterContent/Textures/T_Wood_Pine_N.uasset"
[2016.06.23-23.30.39:733][  0]LogPackFactory: Copied "../../../Samples/MobileStarterContent/Content/MobileStarterContent/Textures/T_Wood_Walnut_D.uasset" to "../../../../../../Users/Dalton/Documents/GitHub/InfiniteRunner/Content/MobileStarterContent/Textures/T_Wood_Walnut_D.uasset"
[2016.06.23-23.30.39:774][  0]LogPackFactory: Copied "../../../Samples/MobileStarterContent/Content/MobileStarterContent/Textures/T_Wood_Walnut_N.uasset" to "../../../../../../Users/Dalton/Documents/GitHub/InfiniteRunner/Content/MobileStarterContent/Textures/T_Wood_Walnut_N.uasset"
[2016.06.23-23.30.39:946][  0]LogRenderer: Reallocating scene render targets to support 256x256 (Frame:2).
[2016.06.23-23.30.40:081][  0]LogSavePackage: Save=15.28ms
[2016.06.23-23.30.40:081][  0]LogSavePackage: Moving '../../../../../../Users/Dalton/Documents/GitHub/InfiniteRunner/Saved/Floor_400x4004564B85E4573D0952EB1498D19344A31.tmp' to '../../../../../../Users/Dalton/Documents/GitHub/InfiniteRunner/Content/MobileStarterContent/Architecture/Floor_400x400.uasset'
[2016.06.23-23.30.40:086][  0]LogSavePackage:Display: Finished SavePackage ../../../../../../Users/Dalton/Documents/GitHub/InfiniteRunner/Content/MobileStarterContent/Architecture/Floor_400x400.uasset
[2016.06.23-23.30.40:086][  0]LogFeaturePack:Warning: Inserted 1 feature packs
[2016.06.23-23.30.40:090][  0]Cmd: MAP LOAD FILE="../../../../../../Users/Dalton/Documents/GitHub/InfiniteRunner/Content/ThirdPersonBP/Maps/ThirdPersonExampleMap.umap" TEMPLATE=0 SHOWPROGRESS=1 FEATURELEVEL=3
[2016.06.23-23.30.40:091][  0]LightingResults: New page: Lighting Build
[2016.06.23-23.30.40:097][  0]MapCheck: New page: Map Check
[2016.06.23-23.30.40:097][  0]LightingResults: New page: Lighting Build
[2016.06.23-23.30.40:553][  0]LogTexture:Display: Building textures: T_ML_Rubber_Blue_01_D (AutoDXT)
[2016.06.23-23.30.40:724][  0]LogTexture:Display: Building textures: T_ML_Rubber_Blue_01_N (BC5)
[2016.06.23-23.30.40:763][  0]LogTexture:Display: Building textures: T_ML_Aluminum01 (AutoDXT)
[2016.06.23-23.30.40:907][  0]LogTexture:Display: Building textures: T_ML_Aluminum01_N (BC5)
[2016.06.23-23.30.40:951][  0]LogTexture:Display: Building textures: T_UE4_Mannequin_Mobile_M (AutoDXT)
[2016.06.23-23.30.41:131][  0]LogTexture:Display: Building textures: T_UE4_Mannequin_Mobile_N (BC5)
[2016.06.23-23.30.41:252][  0]LogTexture:Display: Building textures: UE4_LOGO_CARD (AutoDXT)
[2016.06.23-23.30.41:306][  0]LogMaterial: Missing cached shader map for material M_UE4Man_Body, compiling. 
[2016.06.23-23.30.41:448][  0]LogAnimationCompression: Building Anim DDC data for AnimSequence /Game/Mannequin/Animations/ThirdPersonJump_End.ThirdPersonJump_End
[2016.06.23-23.30.41:450][  0]LogAnimationCompression: Building Anim DDC data for AnimSequence /Game/Mannequin/Animations/ThirdPersonJump_Loop.ThirdPersonJump_Loop
[2016.06.23-23.30.41:480][  0]LogAnimationCompression: Building Anim DDC data for AnimSequence /Game/Mannequin/Animations/ThirdPersonJump_Start.ThirdPersonJump_Start
[2016.06.23-23.30.41:502][  0]LogAnimationCompression: Building Anim DDC data for AnimSequence /Game/Mannequin/Animations/ThirdPersonIdle.ThirdPersonIdle
[2016.06.23-23.30.41:617][  0]LogAnimationCompression: Building Anim DDC data for AnimSequence /Game/Mannequin/Animations/ThirdPersonRun.ThirdPersonRun
[2016.06.23-23.30.41:646][  0]LogAnimationCompression: Building Anim DDC data for AnimSequence /Game/Mannequin/Animations/ThirdPersonWalk.ThirdPersonWalk
[2016.06.23-23.30.41:855][  0]LogTexture:Display: Building textures: HQ_Lightmap2_1 (AutoDXT)
[2016.06.23-23.30.42:116][  0]LogTexture:Display: Building textures: HQ_Lightmap2_2 (AutoDXT)
[2016.06.23-23.30.42:247][  0]LogTexture:Display: Building textures: HQ_Lightmap2_3 (AutoDXT)
[2016.06.23-23.30.42:280][  0]LogTexture:Display: Building textures: HQ_Lightmap2_4 (AutoDXT)
[2016.06.23-23.30.42:315][  0]LogTexture:Display: Building textures: HQ_Lightmap2_5 (AutoDXT)
[2016.06.23-23.30.42:346][  0]LogTexture:Display: Building textures: HQ_Lightmap2_6 (AutoDXT)
[2016.06.23-23.30.42:360][  0]LogTexture:Display: Building textures: LQ_Lightmap_0_1 (DXT1)
[2016.06.23-23.30.42:459][  0]LogTexture:Display: Building textures: LQ_Lightmap_0_2 (DXT1)
[2016.06.23-23.30.42:533][  0]LogTexture:Display: Building textures: LQ_Lightmap_0_3 (DXT1)
[2016.06.23-23.30.42:553][  0]LogTexture:Display: Building textures: LQ_Lightmap_0_4 (DXT1)
[2016.06.23-23.30.42:570][  0]LogTexture:Display: Building textures: LQ_Lightmap_0_5 (DXT1)
[2016.06.23-23.30.42:587][  0]LogTexture:Display: Building textures: LQ_Lightmap_0_6 (DXT1)
[2016.06.23-23.30.42:600][  0]LogTexture:Display: Building textures: SkyOcclusion0_1 (AutoDXT)
[2016.06.23-23.30.42:708][  0]LogTexture:Display: Building textures: SkyOcclusion0_2 (AutoDXT)
[2016.06.23-23.30.42:766][  0]LogTexture:Display: Building textures: SkyOcclusion0_3 (AutoDXT)
[2016.06.23-23.30.42:788][  0]LogTexture:Display: Building textures: SkyOcclusion0_4 (AutoDXT)
[2016.06.23-23.30.42:804][  0]LogTexture:Display: Building textures: SkyOcclusion0_5 (AutoDXT)
[2016.06.23-23.30.42:824][  0]LogTexture:Display: Building textures: SkyOcclusion0_6 (AutoDXT)
[2016.06.23-23.30.42:835][  0]LogTexture:Display: Building textures: ShadowMapTexture2D_12 (G8)
[2016.06.23-23.30.42:861][  0]LogTexture:Display: Building textures: ShadowMapTexture2D_13 (G8)
[2016.06.23-23.30.42:884][  0]LogTexture:Display: Building textures: ShadowMapTexture2D_14 (G8)
[2016.06.23-23.30.42:889][  0]LogTexture:Display: Building textures: ShadowMapTexture2D_15 (G8)
[2016.06.23-23.30.42:895][  0]LogTexture:Display: Building textures: ShadowMapTexture2D_16 (G8)
[2016.06.23-23.30.42:900][  0]LogTexture:Display: Building textures: ShadowMapTexture2D_17 (G8)
[2016.06.23-23.30.44:340][  0]LogTexture:Display: Building textures: UE4Man_Logo_N (BC5)
[2016.06.23-23.30.44:371][  0]LogMaterial: Missing cached shader map for material M_UE4Man_Body, compiling. 
[2016.06.23-23.30.44:700][  0]LogMaterial: Missing cached shader map for material CubeMaterial, compiling. 
[2016.06.23-23.30.44:731][  0]LogAIModule: Creating AISystem for world ThirdPersonExampleMap
[2016.06.23-23.30.44:917][  0]LogEditorServer: Finished looking for orphan Actors (0.000 secs)
[2016.06.23-23.30.44:918][  0]Cmd: MAP CHECKDEP NOCLEARLOG
[2016.06.23-23.30.44:991][  0]MapCheck: Info Map check complete: 0 Error(s), 0 Warning(s), took 72.705ms to complete.
[2016.06.23-23.30.44:991][  0]LogFileHelpers: Loading map 'ThirdPersonExampleMap' took 4.901
[2016.06.23-23.30.45:959][  0]LogCollectionManager: Loaded 0 collections in 0.004874 seconds
[2016.06.23-23.30.46:045][  0]LogFileCache: Scanning file cache for directory 'C:/Users/Dalton/Documents/GitHub/InfiniteRunner/Saved/C